{"D:\\Shaik\\QuantumXferApp\\quantumxfer\\electron\\main.js": {"path":"D:\\Shaik\\QuantumXferApp\\quantumxfer\\electron\\main.js","all":true,"statementMap":{"0":{"start":{"line":1,"column":0},"end":{"line":1,"column":89}},"1":{"start":{"line":2,"column":0},"end":{"line":2,"column":24}},"2":{"start":{"line":3,"column":0},"end":{"line":3,"column":20}},"3":{"start":{"line":4,"column":0},"end":{"line":4,"column":38}},"4":{"start":{"line":5,"column":0},"end":{"line":5,"column":36}},"5":{"start":{"line":6,"column":0},"end":{"line":6,"column":31}},"6":{"start":{"line":7,"column":0},"end":{"line":7,"column":0}},"7":{"start":{"line":8,"column":0},"end":{"line":8,"column":21}},"8":{"start":{"line":9,"column":0},"end":{"line":9,"column":42}},"9":{"start":{"line":10,"column":0},"end":{"line":10,"column":0}},"10":{"start":{"line":11,"column":0},"end":{"line":11,"column":50}},"11":{"start":{"line":12,"column":0},"end":{"line":12,"column":38}},"12":{"start":{"line":13,"column":0},"end":{"line":13,"column":0}},"13":{"start":{"line":14,"column":0},"end":{"line":14,"column":47}},"14":{"start":{"line":15,"column":0},"end":{"line":15,"column":15}},"15":{"start":{"line":16,"column":0},"end":{"line":16,"column":17}},"16":{"start":{"line":17,"column":0},"end":{"line":17,"column":0}},"17":{"start":{"line":18,"column":0},"end":{"line":18,"column":32}},"18":{"start":{"line":19,"column":0},"end":{"line":19,"column":53}},"19":{"start":{"line":20,"column":0},"end":{"line":20,"column":0}},"20":{"start":{"line":21,"column":0},"end":{"line":21,"column":25}},"21":{"start":{"line":22,"column":0},"end":{"line":22,"column":36}},"22":{"start":{"line":23,"column":0},"end":{"line":23,"column":0}},"23":{"start":{"line":24,"column":0},"end":{"line":24,"column":31}},"24":{"start":{"line":25,"column":0},"end":{"line":25,"column":36}},"25":{"start":{"line":26,"column":0},"end":{"line":26,"column":15}},"26":{"start":{"line":27,"column":0},"end":{"line":27,"column":16}},"27":{"start":{"line":28,"column":0},"end":{"line":28,"column":17}},"28":{"start":{"line":29,"column":0},"end":{"line":29,"column":22}},"29":{"start":{"line":30,"column":0},"end":{"line":30,"column":22}},"30":{"start":{"line":31,"column":0},"end":{"line":31,"column":21}},"31":{"start":{"line":32,"column":0},"end":{"line":32,"column":29}},"32":{"start":{"line":33,"column":0},"end":{"line":33,"column":28}},"33":{"start":{"line":34,"column":0},"end":{"line":34,"column":5}},"34":{"start":{"line":35,"column":0},"end":{"line":35,"column":5}},"35":{"start":{"line":36,"column":0},"end":{"line":36,"column":0}},"36":{"start":{"line":37,"column":0},"end":{"line":37,"column":30}},"37":{"start":{"line":38,"column":0},"end":{"line":38,"column":22}},"38":{"start":{"line":39,"column":0},"end":{"line":39,"column":19}},"39":{"start":{"line":40,"column":0},"end":{"line":40,"column":10}},"40":{"start":{"line":41,"column":0},"end":{"line":41,"column":10}},"41":{"start":{"line":42,"column":0},"end":{"line":42,"column":13}},"42":{"start":{"line":43,"column":0},"end":{"line":43,"column":14}},"43":{"start":{"line":44,"column":0},"end":{"line":44,"column":20}},"44":{"start":{"line":45,"column":0},"end":{"line":45,"column":21}},"45":{"start":{"line":46,"column":0},"end":{"line":46,"column":72}},"46":{"start":{"line":47,"column":0},"end":{"line":47,"column":24}},"47":{"start":{"line":48,"column":0},"end":{"line":48,"column":34}},"48":{"start":{"line":49,"column":0},"end":{"line":49,"column":30}},"49":{"start":{"line":50,"column":0},"end":{"line":50,"column":24}},"50":{"start":{"line":51,"column":0},"end":{"line":51,"column":89}},"51":{"start":{"line":52,"column":0},"end":{"line":52,"column":23}},"52":{"start":{"line":53,"column":0},"end":{"line":53,"column":9}},"53":{"start":{"line":54,"column":0},"end":{"line":54,"column":25}},"54":{"start":{"line":55,"column":0},"end":{"line":55,"column":29}},"55":{"start":{"line":56,"column":0},"end":{"line":56,"column":41}},"56":{"start":{"line":57,"column":0},"end":{"line":57,"column":9}},"57":{"start":{"line":58,"column":0},"end":{"line":58,"column":15}},"58":{"start":{"line":59,"column":0},"end":{"line":59,"column":26}},"59":{"start":{"line":60,"column":0},"end":{"line":60,"column":30}},"60":{"start":{"line":61,"column":0},"end":{"line":61,"column":9}},"61":{"start":{"line":62,"column":0},"end":{"line":62,"column":16}},"62":{"start":{"line":63,"column":0},"end":{"line":63,"column":26}},"63":{"start":{"line":64,"column":0},"end":{"line":64,"column":28}},"64":{"start":{"line":65,"column":0},"end":{"line":65,"column":29}},"65":{"start":{"line":66,"column":0},"end":{"line":66,"column":9}},"66":{"start":{"line":67,"column":0},"end":{"line":67,"column":19}},"67":{"start":{"line":68,"column":0},"end":{"line":68,"column":26}},"68":{"start":{"line":69,"column":0},"end":{"line":69,"column":23}},"69":{"start":{"line":70,"column":0},"end":{"line":70,"column":30}},"70":{"start":{"line":71,"column":0},"end":{"line":71,"column":9}},"71":{"start":{"line":72,"column":0},"end":{"line":72,"column":18}},"72":{"start":{"line":73,"column":0},"end":{"line":73,"column":23}},"73":{"start":{"line":74,"column":0},"end":{"line":74,"column":22}},"74":{"start":{"line":75,"column":0},"end":{"line":75,"column":44}},"75":{"start":{"line":76,"column":0},"end":{"line":76,"column":29}},"76":{"start":{"line":77,"column":0},"end":{"line":77,"column":27}},"77":{"start":{"line":78,"column":0},"end":{"line":78,"column":25}},"78":{"start":{"line":79,"column":0},"end":{"line":79,"column":9}},"79":{"start":{"line":80,"column":0},"end":{"line":80,"column":22}},"80":{"start":{"line":81,"column":0},"end":{"line":81,"column":21}},"81":{"start":{"line":82,"column":0},"end":{"line":82,"column":23}},"82":{"start":{"line":83,"column":0},"end":{"line":83,"column":28}},"83":{"start":{"line":84,"column":0},"end":{"line":84,"column":29}},"84":{"start":{"line":85,"column":0},"end":{"line":85,"column":43}},"85":{"start":{"line":86,"column":0},"end":{"line":86,"column":9}},"86":{"start":{"line":87,"column":0},"end":{"line":87,"column":27}},"87":{"start":{"line":88,"column":0},"end":{"line":88,"column":59}},"88":{"start":{"line":89,"column":0},"end":{"line":89,"column":54}},"89":{"start":{"line":90,"column":0},"end":{"line":90,"column":9}},"90":{"start":{"line":91,"column":0},"end":{"line":91,"column":28}},"91":{"start":{"line":92,"column":0},"end":{"line":92,"column":46}},"92":{"start":{"line":93,"column":0},"end":{"line":93,"column":47}},"93":{"start":{"line":94,"column":0},"end":{"line":94,"column":9}},"94":{"start":{"line":95,"column":0},"end":{"line":95,"column":14}},"95":{"start":{"line":96,"column":0},"end":{"line":96,"column":11}},"96":{"start":{"line":97,"column":0},"end":{"line":97,"column":10}},"97":{"start":{"line":98,"column":0},"end":{"line":98,"column":34}},"98":{"start":{"line":99,"column":0},"end":{"line":99,"column":33}},"99":{"start":{"line":100,"column":0},"end":{"line":100,"column":44}},"100":{"start":{"line":101,"column":0},"end":{"line":101,"column":62}},"101":{"start":{"line":102,"column":0},"end":{"line":102,"column":29}},"102":{"start":{"line":103,"column":0},"end":{"line":103,"column":41}},"103":{"start":{"line":104,"column":0},"end":{"line":104,"column":14}},"104":{"start":{"line":105,"column":0},"end":{"line":105,"column":12}},"105":{"start":{"line":106,"column":0},"end":{"line":106,"column":11}},"106":{"start":{"line":107,"column":0},"end":{"line":107,"column":11}},"107":{"start":{"line":108,"column":0},"end":{"line":108,"column":4}},"108":{"start":{"line":109,"column":0},"end":{"line":109,"column":0}},"109":{"start":{"line":110,"column":0},"end":{"line":110,"column":89}},"110":{"start":{"line":111,"column":0},"end":{"line":111,"column":0}},"111":{"start":{"line":112,"column":0},"end":{"line":112,"column":35}},"112":{"start":{"line":113,"column":0},"end":{"line":113,"column":24}},"113":{"start":{"line":114,"column":0},"end":{"line":114,"column":5}},"114":{"start":{"line":115,"column":0},"end":{"line":115,"column":1}},"115":{"start":{"line":116,"column":0},"end":{"line":116,"column":0}},"116":{"start":{"line":117,"column":0},"end":{"line":117,"column":29}},"117":{"start":{"line":118,"column":0},"end":{"line":118,"column":30}},"118":{"start":{"line":119,"column":0},"end":{"line":119,"column":34}},"119":{"start":{"line":120,"column":0},"end":{"line":120,"column":16}},"120":{"start":{"line":121,"column":0},"end":{"line":121,"column":16}},"121":{"start":{"line":122,"column":0},"end":{"line":122,"column":19}},"122":{"start":{"line":123,"column":0},"end":{"line":123,"column":19}},"123":{"start":{"line":124,"column":0},"end":{"line":124,"column":16}},"124":{"start":{"line":125,"column":0},"end":{"line":125,"column":29}},"125":{"start":{"line":126,"column":0},"end":{"line":126,"column":53}},"126":{"start":{"line":127,"column":0},"end":{"line":127,"column":21}},"127":{"start":{"line":128,"column":0},"end":{"line":128,"column":29}},"128":{"start":{"line":129,"column":0},"end":{"line":129,"column":29}},"129":{"start":{"line":130,"column":0},"end":{"line":130,"column":32}},"130":{"start":{"line":131,"column":0},"end":{"line":131,"column":49}},"131":{"start":{"line":132,"column":0},"end":{"line":132,"column":6}},"132":{"start":{"line":133,"column":0},"end":{"line":133,"column":29}},"133":{"start":{"line":134,"column":0},"end":{"line":134,"column":30}},"134":{"start":{"line":135,"column":0},"end":{"line":135,"column":5}},"135":{"start":{"line":136,"column":0},"end":{"line":136,"column":0}},"136":{"start":{"line":137,"column":0},"end":{"line":137,"column":17}},"137":{"start":{"line":138,"column":0},"end":{"line":138,"column":14}},"138":{"start":{"line":139,"column":0},"end":{"line":139,"column":48}},"139":{"start":{"line":140,"column":0},"end":{"line":140,"column":35}},"140":{"start":{"line":141,"column":0},"end":{"line":141,"column":42}},"141":{"start":{"line":142,"column":0},"end":{"line":142,"column":10}},"142":{"start":{"line":143,"column":0},"end":{"line":143,"column":85}},"143":{"start":{"line":144,"column":0},"end":{"line":144,"column":65}},"144":{"start":{"line":145,"column":0},"end":{"line":145,"column":35}},"145":{"start":{"line":146,"column":0},"end":{"line":146,"column":76}},"146":{"start":{"line":147,"column":0},"end":{"line":147,"column":45}},"147":{"start":{"line":148,"column":0},"end":{"line":148,"column":3}},"148":{"start":{"line":149,"column":0},"end":{"line":149,"column":0}},"149":{"start":{"line":150,"column":0},"end":{"line":150,"column":27}},"150":{"start":{"line":151,"column":0},"end":{"line":151,"column":42}},"151":{"start":{"line":152,"column":0},"end":{"line":152,"column":23}},"152":{"start":{"line":153,"column":0},"end":{"line":153,"column":27}},"153":{"start":{"line":154,"column":0},"end":{"line":154,"column":5}},"154":{"start":{"line":155,"column":0},"end":{"line":155,"column":22}},"155":{"start":{"line":156,"column":0},"end":{"line":156,"column":4}},"156":{"start":{"line":157,"column":0},"end":{"line":157,"column":22}},"157":{"start":{"line":158,"column":0},"end":{"line":158,"column":16}},"158":{"start":{"line":159,"column":0},"end":{"line":159,"column":25}},"159":{"start":{"line":160,"column":0},"end":{"line":160,"column":5}},"160":{"start":{"line":161,"column":0},"end":{"line":161,"column":5}},"161":{"start":{"line":162,"column":0},"end":{"line":162,"column":0}},"162":{"start":{"line":163,"column":0},"end":{"line":163,"column":25}},"163":{"start":{"line":164,"column":0},"end":{"line":164,"column":33}},"164":{"start":{"line":165,"column":0},"end":{"line":165,"column":22}},"165":{"start":{"line":166,"column":0},"end":{"line":166,"column":5}},"166":{"start":{"line":167,"column":0},"end":{"line":167,"column":0}},"167":{"start":{"line":168,"column":0},"end":{"line":168,"column":68}},"168":{"start":{"line":169,"column":0},"end":{"line":169,"column":53}},"169":{"start":{"line":170,"column":0},"end":{"line":170,"column":2}},"170":{"start":{"line":171,"column":0},"end":{"line":171,"column":28}},"171":{"start":{"line":172,"column":0},"end":{"line":172,"column":15}},"172":{"start":{"line":173,"column":0},"end":{"line":173,"column":1}},"173":{"start":{"line":174,"column":0},"end":{"line":174,"column":0}},"174":{"start":{"line":175,"column":0},"end":{"line":175,"column":23}},"175":{"start":{"line":176,"column":0},"end":{"line":176,"column":20}},"176":{"start":{"line":177,"column":0},"end":{"line":177,"column":5}},"177":{"start":{"line":178,"column":0},"end":{"line":178,"column":20}},"178":{"start":{"line":179,"column":0},"end":{"line":179,"column":16}},"179":{"start":{"line":180,"column":0},"end":{"line":180,"column":9}},"180":{"start":{"line":181,"column":0},"end":{"line":181,"column":34}},"181":{"start":{"line":182,"column":0},"end":{"line":182,"column":37}},"182":{"start":{"line":183,"column":0},"end":{"line":183,"column":24}},"183":{"start":{"line":184,"column":0},"end":{"line":184,"column":63}},"184":{"start":{"line":185,"column":0},"end":{"line":185,"column":11}},"185":{"start":{"line":186,"column":0},"end":{"line":186,"column":10}},"186":{"start":{"line":187,"column":0},"end":{"line":187,"column":9}},"187":{"start":{"line":188,"column":0},"end":{"line":188,"column":39}},"188":{"start":{"line":189,"column":0},"end":{"line":189,"column":30}},"189":{"start":{"line":190,"column":0},"end":{"line":190,"column":68}},"190":{"start":{"line":191,"column":0},"end":{"line":191,"column":43}},"191":{"start":{"line":192,"column":0},"end":{"line":192,"column":15}},"192":{"start":{"line":193,"column":0},"end":{"line":193,"column":35}},"193":{"start":{"line":194,"column":0},"end":{"line":194,"column":86}},"194":{"start":{"line":195,"column":0},"end":{"line":195,"column":13}},"195":{"start":{"line":196,"column":0},"end":{"line":196,"column":11}},"196":{"start":{"line":197,"column":0},"end":{"line":197,"column":10}},"197":{"start":{"line":198,"column":0},"end":{"line":198,"column":30}},"198":{"start":{"line":199,"column":0},"end":{"line":199,"column":9}},"199":{"start":{"line":200,"column":0},"end":{"line":200,"column":24}},"200":{"start":{"line":201,"column":0},"end":{"line":201,"column":74}},"201":{"start":{"line":202,"column":0},"end":{"line":202,"column":24}},"202":{"start":{"line":203,"column":0},"end":{"line":203,"column":23}},"203":{"start":{"line":204,"column":0},"end":{"line":204,"column":11}},"204":{"start":{"line":205,"column":0},"end":{"line":205,"column":9}},"205":{"start":{"line":206,"column":0},"end":{"line":206,"column":7}},"206":{"start":{"line":207,"column":0},"end":{"line":207,"column":6}},"207":{"start":{"line":208,"column":0},"end":{"line":208,"column":5}},"208":{"start":{"line":209,"column":0},"end":{"line":209,"column":20}},"209":{"start":{"line":210,"column":0},"end":{"line":210,"column":16}},"210":{"start":{"line":211,"column":0},"end":{"line":211,"column":25}},"211":{"start":{"line":212,"column":0},"end":{"line":212,"column":25}},"212":{"start":{"line":213,"column":0},"end":{"line":213,"column":30}},"213":{"start":{"line":214,"column":0},"end":{"line":214,"column":24}},"214":{"start":{"line":215,"column":0},"end":{"line":215,"column":25}},"215":{"start":{"line":216,"column":0},"end":{"line":216,"column":26}},"216":{"start":{"line":217,"column":0},"end":{"line":217,"column":29}},"217":{"start":{"line":218,"column":0},"end":{"line":218,"column":7}},"218":{"start":{"line":219,"column":0},"end":{"line":219,"column":6}},"219":{"start":{"line":220,"column":0},"end":{"line":220,"column":5}},"220":{"start":{"line":221,"column":0},"end":{"line":221,"column":20}},"221":{"start":{"line":222,"column":0},"end":{"line":222,"column":16}},"222":{"start":{"line":223,"column":0},"end":{"line":223,"column":27}},"223":{"start":{"line":224,"column":0},"end":{"line":224,"column":32}},"224":{"start":{"line":225,"column":0},"end":{"line":225,"column":35}},"225":{"start":{"line":226,"column":0},"end":{"line":226,"column":30}},"226":{"start":{"line":227,"column":0},"end":{"line":227,"column":30}},"227":{"start":{"line":228,"column":0},"end":{"line":228,"column":27}},"228":{"start":{"line":229,"column":0},"end":{"line":229,"column":28}},"229":{"start":{"line":230,"column":0},"end":{"line":230,"column":30}},"230":{"start":{"line":231,"column":0},"end":{"line":231,"column":36}},"231":{"start":{"line":232,"column":0},"end":{"line":232,"column":7}},"232":{"start":{"line":233,"column":0},"end":{"line":233,"column":6}},"233":{"start":{"line":234,"column":0},"end":{"line":234,"column":5}},"234":{"start":{"line":235,"column":0},"end":{"line":235,"column":24}},"235":{"start":{"line":236,"column":0},"end":{"line":236,"column":16}},"236":{"start":{"line":237,"column":0},"end":{"line":237,"column":9}},"237":{"start":{"line":238,"column":0},"end":{"line":238,"column":35}},"238":{"start":{"line":239,"column":0},"end":{"line":239,"column":37}},"239":{"start":{"line":240,"column":0},"end":{"line":240,"column":24}},"240":{"start":{"line":241,"column":0},"end":{"line":241,"column":64}},"241":{"start":{"line":242,"column":0},"end":{"line":242,"column":11}},"242":{"start":{"line":243,"column":0},"end":{"line":243,"column":10}},"243":{"start":{"line":244,"column":0},"end":{"line":244,"column":9}},"244":{"start":{"line":245,"column":0},"end":{"line":245,"column":35}},"245":{"start":{"line":246,"column":0},"end":{"line":246,"column":30}},"246":{"start":{"line":247,"column":0},"end":{"line":247,"column":68}},"247":{"start":{"line":248,"column":0},"end":{"line":248,"column":24}},"248":{"start":{"line":249,"column":0},"end":{"line":249,"column":60}},"249":{"start":{"line":250,"column":0},"end":{"line":250,"column":16}},"250":{"start":{"line":251,"column":0},"end":{"line":251,"column":54}},"251":{"start":{"line":252,"column":0},"end":{"line":252,"column":15}},"252":{"start":{"line":253,"column":0},"end":{"line":253,"column":35}},"253":{"start":{"line":254,"column":0},"end":{"line":254,"column":83}},"254":{"start":{"line":255,"column":0},"end":{"line":255,"column":13}},"255":{"start":{"line":256,"column":0},"end":{"line":256,"column":11}},"256":{"start":{"line":257,"column":0},"end":{"line":257,"column":10}},"257":{"start":{"line":258,"column":0},"end":{"line":258,"column":9}},"258":{"start":{"line":259,"column":0},"end":{"line":259,"column":35}},"259":{"start":{"line":260,"column":0},"end":{"line":260,"column":30}},"260":{"start":{"line":261,"column":0},"end":{"line":261,"column":68}},"261":{"start":{"line":262,"column":0},"end":{"line":262,"column":24}},"262":{"start":{"line":263,"column":0},"end":{"line":263,"column":60}},"263":{"start":{"line":264,"column":0},"end":{"line":264,"column":16}},"264":{"start":{"line":265,"column":0},"end":{"line":265,"column":38}},"265":{"start":{"line":266,"column":0},"end":{"line":266,"column":15}},"266":{"start":{"line":267,"column":0},"end":{"line":267,"column":35}},"267":{"start":{"line":268,"column":0},"end":{"line":268,"column":87}},"268":{"start":{"line":269,"column":0},"end":{"line":269,"column":13}},"269":{"start":{"line":270,"column":0},"end":{"line":270,"column":11}},"270":{"start":{"line":271,"column":0},"end":{"line":271,"column":9}},"271":{"start":{"line":272,"column":0},"end":{"line":272,"column":7}},"272":{"start":{"line":273,"column":0},"end":{"line":273,"column":6}},"273":{"start":{"line":274,"column":0},"end":{"line":274,"column":5}},"274":{"start":{"line":275,"column":0},"end":{"line":275,"column":20}},"275":{"start":{"line":276,"column":0},"end":{"line":276,"column":16}},"276":{"start":{"line":277,"column":0},"end":{"line":277,"column":9}},"277":{"start":{"line":278,"column":0},"end":{"line":278,"column":37}},"278":{"start":{"line":279,"column":0},"end":{"line":279,"column":24}},"279":{"start":{"line":280,"column":0},"end":{"line":280,"column":47}},"280":{"start":{"line":281,"column":0},"end":{"line":281,"column":27}},"281":{"start":{"line":282,"column":0},"end":{"line":282,"column":41}},"282":{"start":{"line":283,"column":0},"end":{"line":283,"column":48}},"283":{"start":{"line":284,"column":0},"end":{"line":284,"column":146}},"284":{"start":{"line":285,"column":0},"end":{"line":285,"column":15}},"285":{"start":{"line":286,"column":0},"end":{"line":286,"column":11}},"286":{"start":{"line":287,"column":0},"end":{"line":287,"column":10}},"287":{"start":{"line":288,"column":0},"end":{"line":288,"column":9}},"288":{"start":{"line":289,"column":0},"end":{"line":289,"column":33}},"289":{"start":{"line":290,"column":0},"end":{"line":290,"column":24}},"290":{"start":{"line":291,"column":0},"end":{"line":291,"column":79}},"291":{"start":{"line":292,"column":0},"end":{"line":292,"column":11}},"292":{"start":{"line":293,"column":0},"end":{"line":293,"column":10}},"293":{"start":{"line":294,"column":0},"end":{"line":294,"column":30}},"294":{"start":{"line":295,"column":0},"end":{"line":295,"column":9}},"295":{"start":{"line":296,"column":0},"end":{"line":296,"column":32}},"296":{"start":{"line":297,"column":0},"end":{"line":297,"column":24}},"297":{"start":{"line":298,"column":0},"end":{"line":298,"column":72}},"298":{"start":{"line":299,"column":0},"end":{"line":299,"column":11}},"299":{"start":{"line":300,"column":0},"end":{"line":300,"column":9}},"300":{"start":{"line":301,"column":0},"end":{"line":301,"column":7}},"301":{"start":{"line":302,"column":0},"end":{"line":302,"column":5}},"302":{"start":{"line":303,"column":0},"end":{"line":303,"column":4}},"303":{"start":{"line":304,"column":0},"end":{"line":304,"column":0}},"304":{"start":{"line":305,"column":0},"end":{"line":305,"column":36}},"305":{"start":{"line":306,"column":0},"end":{"line":306,"column":38}},"306":{"start":{"line":307,"column":0},"end":{"line":307,"column":22}},"307":{"start":{"line":308,"column":0},"end":{"line":308,"column":27}},"308":{"start":{"line":309,"column":0},"end":{"line":309,"column":16}},"309":{"start":{"line":310,"column":0},"end":{"line":310,"column":26}},"310":{"start":{"line":311,"column":0},"end":{"line":311,"column":30}},"311":{"start":{"line":312,"column":0},"end":{"line":312,"column":29}},"312":{"start":{"line":313,"column":0},"end":{"line":313,"column":30}},"313":{"start":{"line":314,"column":0},"end":{"line":314,"column":25}},"314":{"start":{"line":315,"column":0},"end":{"line":315,"column":31}},"315":{"start":{"line":316,"column":0},"end":{"line":316,"column":27}},"316":{"start":{"line":317,"column":0},"end":{"line":317,"column":30}},"317":{"start":{"line":318,"column":0},"end":{"line":318,"column":24}},"318":{"start":{"line":319,"column":0},"end":{"line":319,"column":7}},"319":{"start":{"line":320,"column":0},"end":{"line":320,"column":7}},"320":{"start":{"line":321,"column":0},"end":{"line":321,"column":3}},"321":{"start":{"line":322,"column":0},"end":{"line":322,"column":0}},"322":{"start":{"line":323,"column":0},"end":{"line":323,"column":48}},"323":{"start":{"line":324,"column":0},"end":{"line":324,"column":32}},"324":{"start":{"line":325,"column":0},"end":{"line":325,"column":1}},"325":{"start":{"line":326,"column":0},"end":{"line":326,"column":0}},"326":{"start":{"line":327,"column":0},"end":{"line":327,"column":21}},"327":{"start":{"line":328,"column":0},"end":{"line":328,"column":28}},"328":{"start":{"line":329,"column":0},"end":{"line":329,"column":23}},"329":{"start":{"line":330,"column":0},"end":{"line":330,"column":2}},"330":{"start":{"line":331,"column":0},"end":{"line":331,"column":36}},"331":{"start":{"line":332,"column":0},"end":{"line":332,"column":20}},"332":{"start":{"line":333,"column":0},"end":{"line":333,"column":23}},"333":{"start":{"line":334,"column":0},"end":{"line":334,"column":11}},"334":{"start":{"line":335,"column":0},"end":{"line":335,"column":0}},"335":{"start":{"line":336,"column":0},"end":{"line":336,"column":28}},"336":{"start":{"line":337,"column":0},"end":{"line":337,"column":53}},"337":{"start":{"line":338,"column":0},"end":{"line":338,"column":25}},"338":{"start":{"line":339,"column":0},"end":{"line":339,"column":5}},"339":{"start":{"line":340,"column":0},"end":{"line":340,"column":5}},"340":{"start":{"line":341,"column":0},"end":{"line":341,"column":3}},"341":{"start":{"line":342,"column":0},"end":{"line":342,"column":0}},"342":{"start":{"line":343,"column":0},"end":{"line":343,"column":35}},"343":{"start":{"line":344,"column":0},"end":{"line":344,"column":38}},"344":{"start":{"line":345,"column":0},"end":{"line":345,"column":15}},"345":{"start":{"line":346,"column":0},"end":{"line":346,"column":3}},"346":{"start":{"line":347,"column":0},"end":{"line":347,"column":3}},"347":{"start":{"line":348,"column":0},"end":{"line":348,"column":0}},"348":{"start":{"line":349,"column":0},"end":{"line":349,"column":15}},"349":{"start":{"line":350,"column":0},"end":{"line":350,"column":37}},"350":{"start":{"line":351,"column":0},"end":{"line":351,"column":26}},"351":{"start":{"line":352,"column":0},"end":{"line":352,"column":3}},"352":{"start":{"line":353,"column":0},"end":{"line":353,"column":0}},"353":{"start":{"line":354,"column":0},"end":{"line":354,"column":62}},"354":{"start":{"line":355,"column":0},"end":{"line":355,"column":66}},"355":{"start":{"line":356,"column":0},"end":{"line":356,"column":16}},"356":{"start":{"line":357,"column":0},"end":{"line":357,"column":3}},"357":{"start":{"line":358,"column":0},"end":{"line":358,"column":0}},"358":{"start":{"line":359,"column":0},"end":{"line":359,"column":62}},"359":{"start":{"line":360,"column":0},"end":{"line":360,"column":66}},"360":{"start":{"line":361,"column":0},"end":{"line":361,"column":16}},"361":{"start":{"line":362,"column":0},"end":{"line":362,"column":3}},"362":{"start":{"line":363,"column":0},"end":{"line":363,"column":0}},"363":{"start":{"line":364,"column":0},"end":{"line":364,"column":19}},"364":{"start":{"line":365,"column":0},"end":{"line":365,"column":56}},"365":{"start":{"line":366,"column":0},"end":{"line":366,"column":7}},"366":{"start":{"line":367,"column":0},"end":{"line":367,"column":52}},"367":{"start":{"line":368,"column":0},"end":{"line":368,"column":18}},"368":{"start":{"line":369,"column":0},"end":{"line":369,"column":19}},"369":{"start":{"line":370,"column":0},"end":{"line":370,"column":17}},"370":{"start":{"line":371,"column":0},"end":{"line":371,"column":3}},"371":{"start":{"line":372,"column":0},"end":{"line":372,"column":3}},"372":{"start":{"line":373,"column":0},"end":{"line":373,"column":0}},"373":{"start":{"line":374,"column":0},"end":{"line":374,"column":79}},"374":{"start":{"line":375,"column":0},"end":{"line":375,"column":7}},"375":{"start":{"line":376,"column":0},"end":{"line":376,"column":74}},"376":{"start":{"line":377,"column":0},"end":{"line":377,"column":18}},"377":{"start":{"line":378,"column":0},"end":{"line":378,"column":19}},"378":{"start":{"line":379,"column":0},"end":{"line":379,"column":17}},"379":{"start":{"line":380,"column":0},"end":{"line":380,"column":3}},"380":{"start":{"line":381,"column":0},"end":{"line":381,"column":3}},"381":{"start":{"line":382,"column":0},"end":{"line":382,"column":0}},"382":{"start":{"line":383,"column":0},"end":{"line":383,"column":81}},"383":{"start":{"line":384,"column":0},"end":{"line":384,"column":7}},"384":{"start":{"line":385,"column":0},"end":{"line":385,"column":76}},"385":{"start":{"line":386,"column":0},"end":{"line":386,"column":18}},"386":{"start":{"line":387,"column":0},"end":{"line":387,"column":19}},"387":{"start":{"line":388,"column":0},"end":{"line":388,"column":17}},"388":{"start":{"line":389,"column":0},"end":{"line":389,"column":3}},"389":{"start":{"line":390,"column":0},"end":{"line":390,"column":3}},"390":{"start":{"line":391,"column":0},"end":{"line":391,"column":0}},"391":{"start":{"line":392,"column":0},"end":{"line":392,"column":100}},"392":{"start":{"line":393,"column":0},"end":{"line":393,"column":7}},"393":{"start":{"line":394,"column":0},"end":{"line":394,"column":94}},"394":{"start":{"line":395,"column":0},"end":{"line":395,"column":18}},"395":{"start":{"line":396,"column":0},"end":{"line":396,"column":19}},"396":{"start":{"line":397,"column":0},"end":{"line":397,"column":17}},"397":{"start":{"line":398,"column":0},"end":{"line":398,"column":3}},"398":{"start":{"line":399,"column":0},"end":{"line":399,"column":3}},"399":{"start":{"line":400,"column":0},"end":{"line":400,"column":0}},"400":{"start":{"line":401,"column":0},"end":{"line":401,"column":91}},"401":{"start":{"line":402,"column":0},"end":{"line":402,"column":7}},"402":{"start":{"line":403,"column":0},"end":{"line":403,"column":86}},"403":{"start":{"line":404,"column":0},"end":{"line":404,"column":18}},"404":{"start":{"line":405,"column":0},"end":{"line":405,"column":19}},"405":{"start":{"line":406,"column":0},"end":{"line":406,"column":17}},"406":{"start":{"line":407,"column":0},"end":{"line":407,"column":3}},"407":{"start":{"line":408,"column":0},"end":{"line":408,"column":3}},"408":{"start":{"line":409,"column":0},"end":{"line":409,"column":0}},"409":{"start":{"line":410,"column":0},"end":{"line":410,"column":89}},"410":{"start":{"line":411,"column":0},"end":{"line":411,"column":7}},"411":{"start":{"line":412,"column":0},"end":{"line":412,"column":84}},"412":{"start":{"line":413,"column":0},"end":{"line":413,"column":18}},"413":{"start":{"line":414,"column":0},"end":{"line":414,"column":19}},"414":{"start":{"line":415,"column":0},"end":{"line":415,"column":17}},"415":{"start":{"line":416,"column":0},"end":{"line":416,"column":3}},"416":{"start":{"line":417,"column":0},"end":{"line":417,"column":3}},"417":{"start":{"line":418,"column":0},"end":{"line":418,"column":0}},"418":{"start":{"line":419,"column":0},"end":{"line":419,"column":59}},"419":{"start":{"line":420,"column":0},"end":{"line":420,"column":7}},"420":{"start":{"line":421,"column":0},"end":{"line":421,"column":55}},"421":{"start":{"line":422,"column":0},"end":{"line":422,"column":18}},"422":{"start":{"line":423,"column":0},"end":{"line":423,"column":19}},"423":{"start":{"line":424,"column":0},"end":{"line":424,"column":52}},"424":{"start":{"line":425,"column":0},"end":{"line":425,"column":3}},"425":{"start":{"line":426,"column":0},"end":{"line":426,"column":3}},"426":{"start":{"line":427,"column":0},"end":{"line":427,"column":0}},"427":{"start":{"line":428,"column":0},"end":{"line":428,"column":45}},"428":{"start":{"line":429,"column":0},"end":{"line":429,"column":7}},"429":{"start":{"line":430,"column":0},"end":{"line":430,"column":12}},"430":{"start":{"line":431,"column":0},"end":{"line":431,"column":20}},"431":{"start":{"line":432,"column":0},"end":{"line":432,"column":52}},"432":{"start":{"line":433,"column":0},"end":{"line":433,"column":6}},"433":{"start":{"line":434,"column":0},"end":{"line":434,"column":19}},"434":{"start":{"line":435,"column":0},"end":{"line":435,"column":52}},"435":{"start":{"line":436,"column":0},"end":{"line":436,"column":3}},"436":{"start":{"line":437,"column":0},"end":{"line":437,"column":3}},"437":{"start":{"line":438,"column":0},"end":{"line":438,"column":0}},"438":{"start":{"line":439,"column":0},"end":{"line":439,"column":40}},"439":{"start":{"line":440,"column":0},"end":{"line":440,"column":75}},"440":{"start":{"line":441,"column":0},"end":{"line":441,"column":7}},"441":{"start":{"line":442,"column":0},"end":{"line":442,"column":25}},"442":{"start":{"line":443,"column":0},"end":{"line":443,"column":71}},"443":{"start":{"line":444,"column":0},"end":{"line":444,"column":5}},"444":{"start":{"line":445,"column":0},"end":{"line":445,"column":0}},"445":{"start":{"line":446,"column":0},"end":{"line":446,"column":39}},"446":{"start":{"line":447,"column":0},"end":{"line":447,"column":40}},"447":{"start":{"line":448,"column":0},"end":{"line":448,"column":55}},"448":{"start":{"line":449,"column":0},"end":{"line":449,"column":5}},"449":{"start":{"line":450,"column":0},"end":{"line":450,"column":0}},"450":{"start":{"line":451,"column":0},"end":{"line":451,"column":39}},"451":{"start":{"line":452,"column":0},"end":{"line":452,"column":69}},"452":{"start":{"line":453,"column":0},"end":{"line":453,"column":60}},"453":{"start":{"line":454,"column":0},"end":{"line":454,"column":56}},"454":{"start":{"line":455,"column":0},"end":{"line":455,"column":0}},"455":{"start":{"line":456,"column":0},"end":{"line":456,"column":29}},"456":{"start":{"line":457,"column":0},"end":{"line":457,"column":48}},"457":{"start":{"line":458,"column":0},"end":{"line":458,"column":0}},"458":{"start":{"line":459,"column":0},"end":{"line":459,"column":12}},"459":{"start":{"line":460,"column":0},"end":{"line":460,"column":20}},"460":{"start":{"line":461,"column":0},"end":{"line":461,"column":25}},"461":{"start":{"line":462,"column":0},"end":{"line":462,"column":24}},"462":{"start":{"line":463,"column":0},"end":{"line":463,"column":6}},"463":{"start":{"line":464,"column":0},"end":{"line":464,"column":19}},"464":{"start":{"line":465,"column":0},"end":{"line":465,"column":52}},"465":{"start":{"line":466,"column":0},"end":{"line":466,"column":3}},"466":{"start":{"line":467,"column":0},"end":{"line":467,"column":3}},"467":{"start":{"line":468,"column":0},"end":{"line":468,"column":0}},"468":{"start":{"line":469,"column":0},"end":{"line":469,"column":32}},"469":{"start":{"line":470,"column":0},"end":{"line":470,"column":33}},"470":{"start":{"line":471,"column":0},"end":{"line":471,"column":32}},"471":{"start":{"line":472,"column":0},"end":{"line":472,"column":29}},"472":{"start":{"line":473,"column":0},"end":{"line":473,"column":47}},"473":{"start":{"line":474,"column":0},"end":{"line":474,"column":60}},"474":{"start":{"line":475,"column":0},"end":{"line":475,"column":37}},"475":{"start":{"line":476,"column":0},"end":{"line":476,"column":52}},"476":{"start":{"line":477,"column":0},"end":{"line":477,"column":3}},"477":{"start":{"line":478,"column":0},"end":{"line":478,"column":51}},"478":{"start":{"line":479,"column":0},"end":{"line":479,"column":1}},"479":{"start":{"line":480,"column":0},"end":{"line":480,"column":0}},"480":{"start":{"line":481,"column":0},"end":{"line":481,"column":26}},"481":{"start":{"line":482,"column":0},"end":{"line":482,"column":7}},"482":{"start":{"line":483,"column":0},"end":{"line":483,"column":40}},"483":{"start":{"line":484,"column":0},"end":{"line":484,"column":35}},"484":{"start":{"line":485,"column":0},"end":{"line":485,"column":16}},"485":{"start":{"line":486,"column":0},"end":{"line":486,"column":5}},"486":{"start":{"line":487,"column":0},"end":{"line":487,"column":51}},"487":{"start":{"line":488,"column":0},"end":{"line":488,"column":36}},"488":{"start":{"line":489,"column":0},"end":{"line":489,"column":69}},"489":{"start":{"line":490,"column":0},"end":{"line":490,"column":17}},"490":{"start":{"line":491,"column":0},"end":{"line":491,"column":52}},"491":{"start":{"line":492,"column":0},"end":{"line":492,"column":14}},"492":{"start":{"line":493,"column":0},"end":{"line":493,"column":3}},"493":{"start":{"line":494,"column":0},"end":{"line":494,"column":1}},"494":{"start":{"line":495,"column":0},"end":{"line":495,"column":0}},"495":{"start":{"line":496,"column":0},"end":{"line":496,"column":36}},"496":{"start":{"line":497,"column":0},"end":{"line":497,"column":7}},"497":{"start":{"line":498,"column":0},"end":{"line":498,"column":40}},"498":{"start":{"line":499,"column":0},"end":{"line":499,"column":79}},"499":{"start":{"line":500,"column":0},"end":{"line":500,"column":39}},"500":{"start":{"line":501,"column":0},"end":{"line":501,"column":17}},"501":{"start":{"line":502,"column":0},"end":{"line":502,"column":53}},"502":{"start":{"line":503,"column":0},"end":{"line":503,"column":50}},"503":{"start":{"line":504,"column":0},"end":{"line":504,"column":3}},"504":{"start":{"line":505,"column":0},"end":{"line":505,"column":1}},"505":{"start":{"line":506,"column":0},"end":{"line":506,"column":0}},"506":{"start":{"line":507,"column":0},"end":{"line":507,"column":32}},"507":{"start":{"line":508,"column":0},"end":{"line":508,"column":26}},"508":{"start":{"line":509,"column":0},"end":{"line":509,"column":32}},"509":{"start":{"line":510,"column":0},"end":{"line":510,"column":46}},"510":{"start":{"line":511,"column":0},"end":{"line":511,"column":7}},"511":{"start":{"line":512,"column":0},"end":{"line":512,"column":38}},"512":{"start":{"line":513,"column":0},"end":{"line":513,"column":40}},"513":{"start":{"line":514,"column":0},"end":{"line":514,"column":19}},"514":{"start":{"line":515,"column":0},"end":{"line":515,"column":67}},"515":{"start":{"line":516,"column":0},"end":{"line":516,"column":3}},"516":{"start":{"line":517,"column":0},"end":{"line":517,"column":3}},"517":{"start":{"line":518,"column":0},"end":{"line":518,"column":0}},"518":{"start":{"line":519,"column":0},"end":{"line":519,"column":60}},"519":{"start":{"line":520,"column":0},"end":{"line":520,"column":7}},"520":{"start":{"line":521,"column":0},"end":{"line":521,"column":38}},"521":{"start":{"line":522,"column":0},"end":{"line":522,"column":57}},"522":{"start":{"line":523,"column":0},"end":{"line":523,"column":32}},"523":{"start":{"line":524,"column":0},"end":{"line":524,"column":26}},"524":{"start":{"line":525,"column":0},"end":{"line":525,"column":38}},"525":{"start":{"line":526,"column":0},"end":{"line":526,"column":33}},"526":{"start":{"line":527,"column":0},"end":{"line":527,"column":7}},"527":{"start":{"line":528,"column":0},"end":{"line":528,"column":129}},"528":{"start":{"line":529,"column":0},"end":{"line":529,"column":18}},"529":{"start":{"line":530,"column":0},"end":{"line":530,"column":93}},"530":{"start":{"line":531,"column":0},"end":{"line":531,"column":22}},"531":{"start":{"line":532,"column":0},"end":{"line":532,"column":11}},"532":{"start":{"line":533,"column":0},"end":{"line":533,"column":54}},"533":{"start":{"line":534,"column":0},"end":{"line":534,"column":136}},"534":{"start":{"line":535,"column":0},"end":{"line":535,"column":44}},"535":{"start":{"line":536,"column":0},"end":{"line":536,"column":40}},"536":{"start":{"line":537,"column":0},"end":{"line":537,"column":35}},"537":{"start":{"line":538,"column":0},"end":{"line":538,"column":9}},"538":{"start":{"line":539,"column":0},"end":{"line":539,"column":47}},"539":{"start":{"line":540,"column":0},"end":{"line":540,"column":28}},"540":{"start":{"line":541,"column":0},"end":{"line":541,"column":55}},"541":{"start":{"line":542,"column":0},"end":{"line":542,"column":7}},"542":{"start":{"line":543,"column":0},"end":{"line":543,"column":5}},"543":{"start":{"line":544,"column":0},"end":{"line":544,"column":57}},"544":{"start":{"line":545,"column":0},"end":{"line":545,"column":19}},"545":{"start":{"line":546,"column":0},"end":{"line":546,"column":52}},"546":{"start":{"line":547,"column":0},"end":{"line":547,"column":3}},"547":{"start":{"line":548,"column":0},"end":{"line":548,"column":3}},"548":{"start":{"line":549,"column":0},"end":{"line":549,"column":0}},"549":{"start":{"line":550,"column":0},"end":{"line":550,"column":65}},"550":{"start":{"line":551,"column":0},"end":{"line":551,"column":7}},"551":{"start":{"line":552,"column":0},"end":{"line":552,"column":38}},"552":{"start":{"line":553,"column":0},"end":{"line":553,"column":64}},"553":{"start":{"line":554,"column":0},"end":{"line":554,"column":44}},"554":{"start":{"line":555,"column":0},"end":{"line":555,"column":26}},"555":{"start":{"line":556,"column":0},"end":{"line":556,"column":53}},"556":{"start":{"line":557,"column":0},"end":{"line":557,"column":5}},"557":{"start":{"line":558,"column":0},"end":{"line":558,"column":50}},"558":{"start":{"line":559,"column":0},"end":{"line":559,"column":19}},"559":{"start":{"line":560,"column":0},"end":{"line":560,"column":52}},"560":{"start":{"line":561,"column":0},"end":{"line":561,"column":3}},"561":{"start":{"line":562,"column":0},"end":{"line":562,"column":3}},"562":{"start":{"line":563,"column":0},"end":{"line":563,"column":0}},"563":{"start":{"line":564,"column":0},"end":{"line":564,"column":51}},"564":{"start":{"line":565,"column":0},"end":{"line":565,"column":36}},"565":{"start":{"line":566,"column":0},"end":{"line":566,"column":45}},"566":{"start":{"line":567,"column":0},"end":{"line":567,"column":97}},"567":{"start":{"line":568,"column":0},"end":{"line":568,"column":100}},"568":{"start":{"line":569,"column":0},"end":{"line":569,"column":20}},"569":{"start":{"line":570,"column":0},"end":{"line":570,"column":3}},"570":{"start":{"line":571,"column":0},"end":{"line":571,"column":0}},"571":{"start":{"line":572,"column":0},"end":{"line":572,"column":34}},"572":{"start":{"line":573,"column":0},"end":{"line":573,"column":27}},"573":{"start":{"line":574,"column":0},"end":{"line":574,"column":11}},"574":{"start":{"line":575,"column":0},"end":{"line":575,"column":70}},"575":{"start":{"line":576,"column":0},"end":{"line":576,"column":16}},"576":{"start":{"line":577,"column":0},"end":{"line":577,"column":21}},"577":{"start":{"line":578,"column":0},"end":{"line":578,"column":74}},"578":{"start":{"line":579,"column":0},"end":{"line":579,"column":10}},"579":{"start":{"line":580,"column":0},"end":{"line":580,"column":23}},"580":{"start":{"line":581,"column":0},"end":{"line":581,"column":88}},"581":{"start":{"line":582,"column":0},"end":{"line":582,"column":23}},"582":{"start":{"line":583,"column":0},"end":{"line":583,"column":7}},"583":{"start":{"line":584,"column":0},"end":{"line":584,"column":5}},"584":{"start":{"line":585,"column":0},"end":{"line":585,"column":19}},"585":{"start":{"line":586,"column":0},"end":{"line":586,"column":5}},"586":{"start":{"line":587,"column":0},"end":{"line":587,"column":1}},"587":{"start":{"line":588,"column":0},"end":{"line":588,"column":0}},"588":{"start":{"line":589,"column":0},"end":{"line":589,"column":51}},"589":{"start":{"line":590,"column":0},"end":{"line":590,"column":36}},"590":{"start":{"line":591,"column":0},"end":{"line":591,"column":45}},"591":{"start":{"line":592,"column":0},"end":{"line":592,"column":96}},"592":{"start":{"line":593,"column":0},"end":{"line":593,"column":100}},"593":{"start":{"line":594,"column":0},"end":{"line":594,"column":20}},"594":{"start":{"line":595,"column":0},"end":{"line":595,"column":3}},"595":{"start":{"line":596,"column":0},"end":{"line":596,"column":0}},"596":{"start":{"line":597,"column":0},"end":{"line":597,"column":34}},"597":{"start":{"line":598,"column":0},"end":{"line":598,"column":27}},"598":{"start":{"line":599,"column":0},"end":{"line":599,"column":11}},"599":{"start":{"line":600,"column":0},"end":{"line":600,"column":72}},"600":{"start":{"line":601,"column":0},"end":{"line":601,"column":69}},"601":{"start":{"line":602,"column":0},"end":{"line":602,"column":16}},"602":{"start":{"line":603,"column":0},"end":{"line":603,"column":21}},"603":{"start":{"line":604,"column":0},"end":{"line":604,"column":29}},"604":{"start":{"line":605,"column":0},"end":{"line":605,"column":10}},"605":{"start":{"line":606,"column":0},"end":{"line":606,"column":23}},"606":{"start":{"line":607,"column":0},"end":{"line":607,"column":88}},"607":{"start":{"line":608,"column":0},"end":{"line":608,"column":23}},"608":{"start":{"line":609,"column":0},"end":{"line":609,"column":7}},"609":{"start":{"line":610,"column":0},"end":{"line":610,"column":5}},"610":{"start":{"line":611,"column":0},"end":{"line":611,"column":19}},"611":{"start":{"line":612,"column":0},"end":{"line":612,"column":5}},"612":{"start":{"line":613,"column":0},"end":{"line":613,"column":1}},"613":{"start":{"line":614,"column":0},"end":{"line":614,"column":68}},"614":{"start":{"line":615,"column":0},"end":{"line":615,"column":59}},"615":{"start":{"line":616,"column":0},"end":{"line":616,"column":7}},"616":{"start":{"line":617,"column":0},"end":{"line":617,"column":49}},"617":{"start":{"line":618,"column":0},"end":{"line":618,"column":60}},"618":{"start":{"line":619,"column":0},"end":{"line":619,"column":4}},"619":{"start":{"line":620,"column":0},"end":{"line":620,"column":39}},"620":{"start":{"line":621,"column":0},"end":{"line":621,"column":38}},"621":{"start":{"line":622,"column":0},"end":{"line":622,"column":53}},"622":{"start":{"line":623,"column":0},"end":{"line":623,"column":5}},"623":{"start":{"line":624,"column":0},"end":{"line":624,"column":4}},"624":{"start":{"line":625,"column":0},"end":{"line":625,"column":38}},"625":{"start":{"line":626,"column":0},"end":{"line":626,"column":56}},"626":{"start":{"line":627,"column":0},"end":{"line":627,"column":4}},"627":{"start":{"line":628,"column":0},"end":{"line":628,"column":76}},"628":{"start":{"line":629,"column":0},"end":{"line":629,"column":87}},"629":{"start":{"line":630,"column":0},"end":{"line":630,"column":4}},"630":{"start":{"line":631,"column":0},"end":{"line":631,"column":53}},"631":{"start":{"line":632,"column":0},"end":{"line":632,"column":19}},"632":{"start":{"line":633,"column":0},"end":{"line":633,"column":52}},"633":{"start":{"line":634,"column":0},"end":{"line":634,"column":3}},"634":{"start":{"line":635,"column":0},"end":{"line":635,"column":3}},"635":{"start":{"line":636,"column":0},"end":{"line":636,"column":0}},"636":{"start":{"line":637,"column":0},"end":{"line":637,"column":55}},"637":{"start":{"line":638,"column":0},"end":{"line":638,"column":61}},"638":{"start":{"line":639,"column":0},"end":{"line":639,"column":7}},"639":{"start":{"line":640,"column":0},"end":{"line":640,"column":49}},"640":{"start":{"line":641,"column":0},"end":{"line":641,"column":89}},"641":{"start":{"line":642,"column":0},"end":{"line":642,"column":4}},"642":{"start":{"line":643,"column":0},"end":{"line":643,"column":39}},"643":{"start":{"line":644,"column":0},"end":{"line":644,"column":45}},"644":{"start":{"line":645,"column":0},"end":{"line":645,"column":5}},"645":{"start":{"line":646,"column":0},"end":{"line":646,"column":4}},"646":{"start":{"line":647,"column":0},"end":{"line":647,"column":63}},"647":{"start":{"line":648,"column":0},"end":{"line":648,"column":55}},"648":{"start":{"line":649,"column":0},"end":{"line":649,"column":4}},"649":{"start":{"line":650,"column":0},"end":{"line":650,"column":41}},"650":{"start":{"line":651,"column":0},"end":{"line":651,"column":65}},"651":{"start":{"line":652,"column":0},"end":{"line":652,"column":4}},"652":{"start":{"line":653,"column":0},"end":{"line":653,"column":58}},"653":{"start":{"line":654,"column":0},"end":{"line":654,"column":19}},"654":{"start":{"line":655,"column":0},"end":{"line":655,"column":66}},"655":{"start":{"line":656,"column":0},"end":{"line":656,"column":3}},"656":{"start":{"line":657,"column":0},"end":{"line":657,"column":3}},"657":{"start":{"line":658,"column":0},"end":{"line":658,"column":0}},"658":{"start":{"line":659,"column":0},"end":{"line":659,"column":0}},"659":{"start":{"line":660,"column":0},"end":{"line":660,"column":34}},"660":{"start":{"line":661,"column":0},"end":{"line":661,"column":75}},"661":{"start":{"line":662,"column":0},"end":{"line":662,"column":81}},"662":{"start":{"line":663,"column":0},"end":{"line":663,"column":54}},"663":{"start":{"line":664,"column":0},"end":{"line":664,"column":71}},"664":{"start":{"line":665,"column":0},"end":{"line":665,"column":51}},"665":{"start":{"line":666,"column":0},"end":{"line":666,"column":63}},"666":{"start":{"line":667,"column":0},"end":{"line":667,"column":58}},"667":{"start":{"line":668,"column":0},"end":{"line":668,"column":7}},"668":{"start":{"line":669,"column":0},"end":{"line":669,"column":30}},"669":{"start":{"line":670,"column":0},"end":{"line":670,"column":49}},"670":{"start":{"line":671,"column":0},"end":{"line":671,"column":66}},"671":{"start":{"line":672,"column":0},"end":{"line":672,"column":0}},"672":{"start":{"line":673,"column":0},"end":{"line":673,"column":46}},"673":{"start":{"line":674,"column":0},"end":{"line":674,"column":37}},"674":{"start":{"line":675,"column":0},"end":{"line":675,"column":52}},"675":{"start":{"line":676,"column":0},"end":{"line":676,"column":5}},"676":{"start":{"line":677,"column":0},"end":{"line":677,"column":0}},"677":{"start":{"line":678,"column":0},"end":{"line":678,"column":77}},"678":{"start":{"line":679,"column":0},"end":{"line":679,"column":25}},"679":{"start":{"line":680,"column":0},"end":{"line":680,"column":77}},"680":{"start":{"line":681,"column":0},"end":{"line":681,"column":43}},"681":{"start":{"line":682,"column":0},"end":{"line":682,"column":6}},"682":{"start":{"line":683,"column":0},"end":{"line":683,"column":0}},"683":{"start":{"line":684,"column":0},"end":{"line":684,"column":80}},"684":{"start":{"line":685,"column":0},"end":{"line":685,"column":77}},"685":{"start":{"line":686,"column":0},"end":{"line":686,"column":0}},"686":{"start":{"line":687,"column":0},"end":{"line":687,"column":52}},"687":{"start":{"line":688,"column":0},"end":{"line":688,"column":19}},"688":{"start":{"line":689,"column":0},"end":{"line":689,"column":65}},"689":{"start":{"line":690,"column":0},"end":{"line":690,"column":52}},"690":{"start":{"line":691,"column":0},"end":{"line":691,"column":3}},"691":{"start":{"line":692,"column":0},"end":{"line":692,"column":3}},"692":{"start":{"line":693,"column":0},"end":{"line":693,"column":0}},"693":{"start":{"line":694,"column":0},"end":{"line":694,"column":52}},"694":{"start":{"line":695,"column":0},"end":{"line":695,"column":58}},"695":{"start":{"line":696,"column":0},"end":{"line":696,"column":7}},"696":{"start":{"line":697,"column":0},"end":{"line":697,"column":49}},"697":{"start":{"line":698,"column":0},"end":{"line":698,"column":98}},"698":{"start":{"line":699,"column":0},"end":{"line":699,"column":0}},"699":{"start":{"line":700,"column":0},"end":{"line":700,"column":38}},"700":{"start":{"line":701,"column":0},"end":{"line":701,"column":53}},"701":{"start":{"line":702,"column":0},"end":{"line":702,"column":45}},"702":{"start":{"line":703,"column":0},"end":{"line":703,"column":5}},"703":{"start":{"line":704,"column":0},"end":{"line":704,"column":0}},"704":{"start":{"line":705,"column":0},"end":{"line":705,"column":61}},"705":{"start":{"line":706,"column":0},"end":{"line":706,"column":43}},"706":{"start":{"line":707,"column":0},"end":{"line":707,"column":0}},"707":{"start":{"line":708,"column":0},"end":{"line":708,"column":85}},"708":{"start":{"line":709,"column":0},"end":{"line":709,"column":56}},"709":{"start":{"line":710,"column":0},"end":{"line":710,"column":19}},"710":{"start":{"line":711,"column":0},"end":{"line":711,"column":66}},"711":{"start":{"line":712,"column":0},"end":{"line":712,"column":66}},"712":{"start":{"line":713,"column":0},"end":{"line":713,"column":3}},"713":{"start":{"line":714,"column":0},"end":{"line":714,"column":3}},"714":{"start":{"line":715,"column":0},"end":{"line":715,"column":0}},"715":{"start":{"line":716,"column":0},"end":{"line":716,"column":65}},"716":{"start":{"line":717,"column":0},"end":{"line":717,"column":60}},"717":{"start":{"line":718,"column":0},"end":{"line":718,"column":7}},"718":{"start":{"line":719,"column":0},"end":{"line":719,"column":29}},"719":{"start":{"line":720,"column":0},"end":{"line":720,"column":49}},"720":{"start":{"line":721,"column":0},"end":{"line":721,"column":98}},"721":{"start":{"line":722,"column":0},"end":{"line":722,"column":0}},"722":{"start":{"line":723,"column":0},"end":{"line":723,"column":22}},"723":{"start":{"line":724,"column":0},"end":{"line":724,"column":37}},"724":{"start":{"line":725,"column":0},"end":{"line":725,"column":63}},"725":{"start":{"line":726,"column":0},"end":{"line":726,"column":45}},"726":{"start":{"line":727,"column":0},"end":{"line":727,"column":39}},"727":{"start":{"line":728,"column":0},"end":{"line":728,"column":5}},"728":{"start":{"line":729,"column":0},"end":{"line":729,"column":0}},"729":{"start":{"line":730,"column":0},"end":{"line":730,"column":45}},"730":{"start":{"line":731,"column":0},"end":{"line":731,"column":50}},"731":{"start":{"line":732,"column":0},"end":{"line":732,"column":0}},"732":{"start":{"line":733,"column":0},"end":{"line":733,"column":25}},"733":{"start":{"line":734,"column":0},"end":{"line":734,"column":15}},"734":{"start":{"line":735,"column":0},"end":{"line":735,"column":43}},"735":{"start":{"line":736,"column":0},"end":{"line":736,"column":6}},"736":{"start":{"line":737,"column":0},"end":{"line":737,"column":0}},"737":{"start":{"line":738,"column":0},"end":{"line":738,"column":80}},"738":{"start":{"line":739,"column":0},"end":{"line":739,"column":68}},"739":{"start":{"line":740,"column":0},"end":{"line":740,"column":0}},"740":{"start":{"line":741,"column":0},"end":{"line":741,"column":39}},"741":{"start":{"line":742,"column":0},"end":{"line":742,"column":19}},"742":{"start":{"line":743,"column":0},"end":{"line":743,"column":71}},"743":{"start":{"line":744,"column":0},"end":{"line":744,"column":52}},"744":{"start":{"line":745,"column":0},"end":{"line":745,"column":3}},"745":{"start":{"line":746,"column":0},"end":{"line":746,"column":3}},"746":{"start":{"line":747,"column":0},"end":{"line":747,"column":0}},"747":{"start":{"line":748,"column":0},"end":{"line":748,"column":46}},"748":{"start":{"line":749,"column":0},"end":{"line":749,"column":71}},"749":{"start":{"line":750,"column":0},"end":{"line":750,"column":58}},"750":{"start":{"line":751,"column":0},"end":{"line":751,"column":80}},"751":{"start":{"line":752,"column":0},"end":{"line":752,"column":0}},"752":{"start":{"line":753,"column":0},"end":{"line":753,"column":7}},"753":{"start":{"line":754,"column":0},"end":{"line":754,"column":46}},"754":{"start":{"line":755,"column":0},"end":{"line":755,"column":18}},"755":{"start":{"line":756,"column":0},"end":{"line":756,"column":18}},"756":{"start":{"line":757,"column":0},"end":{"line":757,"column":23}},"757":{"start":{"line":758,"column":0},"end":{"line":758,"column":31}},"758":{"start":{"line":759,"column":0},"end":{"line":759,"column":31}},"759":{"start":{"line":760,"column":0},"end":{"line":760,"column":51}},"760":{"start":{"line":761,"column":0},"end":{"line":761,"column":8}},"761":{"start":{"line":762,"column":0},"end":{"line":762,"column":55}},"762":{"start":{"line":763,"column":0},"end":{"line":763,"column":98}},"763":{"start":{"line":764,"column":0},"end":{"line":764,"column":42}},"764":{"start":{"line":765,"column":0},"end":{"line":765,"column":7}},"765":{"start":{"line":766,"column":0},"end":{"line":766,"column":0}},"766":{"start":{"line":767,"column":0},"end":{"line":767,"column":56}},"767":{"start":{"line":768,"column":0},"end":{"line":768,"column":0}},"768":{"start":{"line":769,"column":0},"end":{"line":769,"column":77}},"769":{"start":{"line":770,"column":0},"end":{"line":770,"column":16}},"770":{"start":{"line":771,"column":0},"end":{"line":771,"column":63}},"771":{"start":{"line":772,"column":0},"end":{"line":772,"column":64}},"772":{"start":{"line":773,"column":0},"end":{"line":773,"column":60}},"773":{"start":{"line":774,"column":0},"end":{"line":774,"column":56}},"774":{"start":{"line":775,"column":0},"end":{"line":775,"column":48}},"775":{"start":{"line":776,"column":0},"end":{"line":776,"column":54}},"776":{"start":{"line":777,"column":0},"end":{"line":777,"column":12}},"777":{"start":{"line":778,"column":0},"end":{"line":778,"column":56}},"778":{"start":{"line":779,"column":0},"end":{"line":779,"column":57}},"779":{"start":{"line":780,"column":0},"end":{"line":780,"column":53}},"780":{"start":{"line":781,"column":0},"end":{"line":781,"column":67}},"781":{"start":{"line":782,"column":0},"end":{"line":782,"column":57}},"782":{"start":{"line":783,"column":0},"end":{"line":783,"column":61}},"783":{"start":{"line":784,"column":0},"end":{"line":784,"column":55}},"784":{"start":{"line":785,"column":0},"end":{"line":785,"column":68}},"785":{"start":{"line":786,"column":0},"end":{"line":786,"column":0}},"786":{"start":{"line":787,"column":0},"end":{"line":787,"column":54}},"787":{"start":{"line":788,"column":0},"end":{"line":788,"column":56}},"788":{"start":{"line":789,"column":0},"end":{"line":789,"column":73}},"789":{"start":{"line":790,"column":0},"end":{"line":790,"column":52}},"790":{"start":{"line":791,"column":0},"end":{"line":791,"column":41}},"791":{"start":{"line":792,"column":0},"end":{"line":792,"column":51}},"792":{"start":{"line":793,"column":0},"end":{"line":793,"column":45}},"793":{"start":{"line":794,"column":0},"end":{"line":794,"column":9}},"794":{"start":{"line":795,"column":0},"end":{"line":795,"column":0}},"795":{"start":{"line":796,"column":0},"end":{"line":796,"column":35}},"796":{"start":{"line":797,"column":0},"end":{"line":797,"column":61}},"797":{"start":{"line":798,"column":0},"end":{"line":798,"column":43}},"798":{"start":{"line":799,"column":0},"end":{"line":799,"column":0}},"799":{"start":{"line":800,"column":0},"end":{"line":800,"column":40}},"800":{"start":{"line":801,"column":0},"end":{"line":801,"column":88}},"801":{"start":{"line":802,"column":0},"end":{"line":802,"column":0}},"802":{"start":{"line":803,"column":0},"end":{"line":803,"column":65}},"803":{"start":{"line":804,"column":0},"end":{"line":804,"column":69}},"804":{"start":{"line":805,"column":0},"end":{"line":805,"column":30}},"805":{"start":{"line":806,"column":0},"end":{"line":806,"column":12}},"806":{"start":{"line":807,"column":0},"end":{"line":807,"column":0}},"807":{"start":{"line":808,"column":0},"end":{"line":808,"column":62}},"808":{"start":{"line":809,"column":0},"end":{"line":809,"column":9}},"809":{"start":{"line":810,"column":0},"end":{"line":810,"column":7}},"810":{"start":{"line":811,"column":0},"end":{"line":811,"column":0}},"811":{"start":{"line":812,"column":0},"end":{"line":812,"column":26}},"812":{"start":{"line":813,"column":0},"end":{"line":813,"column":39}},"813":{"start":{"line":814,"column":0},"end":{"line":814,"column":44}},"814":{"start":{"line":815,"column":0},"end":{"line":815,"column":76}},"815":{"start":{"line":816,"column":0},"end":{"line":816,"column":64}},"816":{"start":{"line":817,"column":0},"end":{"line":817,"column":7}},"817":{"start":{"line":818,"column":0},"end":{"line":818,"column":0}},"818":{"start":{"line":819,"column":0},"end":{"line":819,"column":30}},"819":{"start":{"line":820,"column":0},"end":{"line":820,"column":92}},"820":{"start":{"line":821,"column":0},"end":{"line":821,"column":84}},"821":{"start":{"line":822,"column":0},"end":{"line":822,"column":7}},"822":{"start":{"line":823,"column":0},"end":{"line":823,"column":0}},"823":{"start":{"line":824,"column":0},"end":{"line":824,"column":24}},"824":{"start":{"line":825,"column":0},"end":{"line":825,"column":68}},"825":{"start":{"line":826,"column":0},"end":{"line":826,"column":60}},"826":{"start":{"line":827,"column":0},"end":{"line":827,"column":7}},"827":{"start":{"line":828,"column":0},"end":{"line":828,"column":0}},"828":{"start":{"line":829,"column":0},"end":{"line":829,"column":44}},"829":{"start":{"line":830,"column":0},"end":{"line":830,"column":26}},"830":{"start":{"line":831,"column":0},"end":{"line":831,"column":27}},"831":{"start":{"line":832,"column":0},"end":{"line":832,"column":53}},"832":{"start":{"line":833,"column":0},"end":{"line":833,"column":0}},"833":{"start":{"line":834,"column":0},"end":{"line":834,"column":58}},"834":{"start":{"line":835,"column":0},"end":{"line":835,"column":96}},"835":{"start":{"line":836,"column":0},"end":{"line":836,"column":69}},"836":{"start":{"line":837,"column":0},"end":{"line":837,"column":43}},"837":{"start":{"line":838,"column":0},"end":{"line":838,"column":47}},"838":{"start":{"line":839,"column":0},"end":{"line":839,"column":52}},"839":{"start":{"line":840,"column":0},"end":{"line":840,"column":3}},"840":{"start":{"line":841,"column":0},"end":{"line":841,"column":3}},"841":{"start":{"line":842,"column":0},"end":{"line":842,"column":0}},"842":{"start":{"line":843,"column":0},"end":{"line":843,"column":66}},"843":{"start":{"line":844,"column":0},"end":{"line":844,"column":53}},"844":{"start":{"line":845,"column":0},"end":{"line":845,"column":46}},"845":{"start":{"line":846,"column":0},"end":{"line":846,"column":69}},"846":{"start":{"line":847,"column":0},"end":{"line":847,"column":66}},"847":{"start":{"line":848,"column":0},"end":{"line":848,"column":33}},"848":{"start":{"line":849,"column":0},"end":{"line":849,"column":5}},"849":{"start":{"line":850,"column":0},"end":{"line":850,"column":4}},"850":{"start":{"line":851,"column":0},"end":{"line":851,"column":52}},"851":{"start":{"line":852,"column":0},"end":{"line":852,"column":66}},"852":{"start":{"line":853,"column":0},"end":{"line":853,"column":30}},"853":{"start":{"line":854,"column":0},"end":{"line":854,"column":32}},"854":{"start":{"line":855,"column":0},"end":{"line":855,"column":5}},"855":{"start":{"line":856,"column":0},"end":{"line":856,"column":4}},"856":{"start":{"line":857,"column":0},"end":{"line":857,"column":32}},"857":{"start":{"line":858,"column":0},"end":{"line":858,"column":31}},"858":{"start":{"line":859,"column":0},"end":{"line":859,"column":5}},"859":{"start":{"line":860,"column":0},"end":{"line":860,"column":3}}},"s":{"0":0,"1":0,"2":0,"3":0,"4":0,"5":0,"6":0,"7":0,"8":0,"9":0,"10":0,"11":0,"12":0,"13":0,"14":0,"15":0,"16":0,"17":0,"18":0,"19":0,"20":0,"21":0,"22":0,"23":0,"24":0,"25":0,"26":0,"27":0,"28":0,"29":0,"30":0,"31":0,"32":0,"33":0,"34":0,"35":0,"36":0,"37":0,"38":0,"39":0,"40":0,"41":0,"42":0,"43":0,"44":0,"45":0,"46":0,"47":0,"48":0,"49":0,"50":0,"51":0,"52":0,"53":0,"54":0,"55":0,"56":0,"57":0,"58":0,"59":0,"60":0,"61":0,"62":0,"63":0,"64":0,"65":0,"66":0,"67":0,"68":0,"69":0,"70":0,"71":0,"72":0,"73":0,"74":0,"75":0,"76":0,"77":0,"78":0,"79":0,"80":0,"81":0,"82":0,"83":0,"84":0,"85":0,"86":0,"87":0,"88":0,"89":0,"90":0,"91":0,"92":0,"93":0,"94":0,"95":0,"96":0,"97":0,"98":0,"99":0,"100":0,"101":0,"102":0,"103":0,"104":0,"105":0,"106":0,"107":0,"108":0,"109":0,"110":0,"111":0,"112":0,"113":0,"114":0,"115":0,"116":0,"117":0,"118":0,"119":0,"120":0,"121":0,"122":0,"123":0,"124":0,"125":0,"126":0,"127":0,"128":0,"129":0,"130":0,"131":0,"132":0,"133":0,"134":0,"135":0,"136":0,"137":0,"138":0,"139":0,"140":0,"141":0,"142":0,"143":0,"144":0,"145":0,"146":0,"147":0,"148":0,"149":0,"150":0,"151":0,"152":0,"153":0,"154":0,"155":0,"156":0,"157":0,"158":0,"159":0,"160":0,"161":0,"162":0,"163":0,"164":0,"165":0,"166":0,"167":0,"168":0,"169":0,"170":0,"171":0,"172":0,"173":0,"174":0,"175":0,"176":0,"177":0,"178":0,"179":0,"180":0,"181":0,"182":0,"183":0,"184":0,"185":0,"186":0,"187":0,"188":0,"189":0,"190":0,"191":0,"192":0,"193":0,"194":0,"195":0,"196":0,"197":0,"198":0,"199":0,"200":0,"201":0,"202":0,"203":0,"204":0,"205":0,"206":0,"207":0,"208":0,"209":0,"210":0,"211":0,"212":0,"213":0,"214":0,"215":0,"216":0,"217":0,"218":0,"219":0,"220":0,"221":0,"222":0,"223":0,"224":0,"225":0,"226":0,"227":0,"228":0,"229":0,"230":0,"231":0,"232":0,"233":0,"234":0,"235":0,"236":0,"237":0,"238":0,"239":0,"240":0,"241":0,"242":0,"243":0,"244":0,"245":0,"246":0,"247":0,"248":0,"249":0,"250":0,"251":0,"252":0,"253":0,"254":0,"255":0,"256":0,"257":0,"258":0,"259":0,"260":0,"261":0,"262":0,"263":0,"264":0,"265":0,"266":0,"267":0,"268":0,"269":0,"270":0,"271":0,"272":0,"273":0,"274":0,"275":0,"276":0,"277":0,"278":0,"279":0,"280":0,"281":0,"282":0,"283":0,"284":0,"285":0,"286":0,"287":0,"288":0,"289":0,"290":0,"291":0,"292":0,"293":0,"294":0,"295":0,"296":0,"297":0,"298":0,"299":0,"300":0,"301":0,"302":0,"303":0,"304":0,"305":0,"306":0,"307":0,"308":0,"309":0,"310":0,"311":0,"312":0,"313":0,"314":0,"315":0,"316":0,"317":0,"318":0,"319":0,"320":0,"321":0,"322":0,"323":0,"324":0,"325":0,"326":0,"327":0,"328":0,"329":0,"330":0,"331":0,"332":0,"333":0,"334":0,"335":0,"336":0,"337":0,"338":0,"339":0,"340":0,"341":0,"342":0,"343":0,"344":0,"345":0,"346":0,"347":0,"348":0,"349":0,"350":0,"351":0,"352":0,"353":0,"354":0,"355":0,"356":0,"357":0,"358":0,"359":0,"360":0,"361":0,"362":0,"363":0,"364":0,"365":0,"366":0,"367":0,"368":0,"369":0,"370":0,"371":0,"372":0,"373":0,"374":0,"375":0,"376":0,"377":0,"378":0,"379":0,"380":0,"381":0,"382":0,"383":0,"384":0,"385":0,"386":0,"387":0,"388":0,"389":0,"390":0,"391":0,"392":0,"393":0,"394":0,"395":0,"396":0,"397":0,"398":0,"399":0,"400":0,"401":0,"402":0,"403":0,"404":0,"405":0,"406":0,"407":0,"408":0,"409":0,"410":0,"411":0,"412":0,"413":0,"414":0,"415":0,"416":0,"417":0,"418":0,"419":0,"420":0,"421":0,"422":0,"423":0,"424":0,"425":0,"426":0,"427":0,"428":0,"429":0,"430":0,"431":0,"432":0,"433":0,"434":0,"435":0,"436":0,"437":0,"438":0,"439":0,"440":0,"441":0,"442":0,"443":0,"444":0,"445":0,"446":0,"447":0,"448":0,"449":0,"450":0,"451":0,"452":0,"453":0,"454":0,"455":0,"456":0,"457":0,"458":0,"459":0,"460":0,"461":0,"462":0,"463":0,"464":0,"465":0,"466":0,"467":0,"468":0,"469":0,"470":0,"471":0,"472":0,"473":0,"474":0,"475":0,"476":0,"477":0,"478":0,"479":0,"480":0,"481":0,"482":0,"483":0,"484":0,"485":0,"486":0,"487":0,"488":0,"489":0,"490":0,"491":0,"492":0,"493":0,"494":0,"495":0,"496":0,"497":0,"498":0,"499":0,"500":0,"501":0,"502":0,"503":0,"504":0,"505":0,"506":0,"507":0,"508":0,"509":0,"510":0,"511":0,"512":0,"513":0,"514":0,"515":0,"516":0,"517":0,"518":0,"519":0,"520":0,"521":0,"522":0,"523":0,"524":0,"525":0,"526":0,"527":0,"528":0,"529":0,"530":0,"531":0,"532":0,"533":0,"534":0,"535":0,"536":0,"537":0,"538":0,"539":0,"540":0,"541":0,"542":0,"543":0,"544":0,"545":0,"546":0,"547":0,"548":0,"549":0,"550":0,"551":0,"552":0,"553":0,"554":0,"555":0,"556":0,"557":0,"558":0,"559":0,"560":0,"561":0,"562":0,"563":0,"564":0,"565":0,"566":0,"567":0,"568":0,"569":0,"570":0,"571":0,"572":0,"573":0,"574":0,"575":0,"576":0,"577":0,"578":0,"579":0,"580":0,"581":0,"582":0,"583":0,"584":0,"585":0,"586":0,"587":0,"588":0,"589":0,"590":0,"591":0,"592":0,"593":0,"594":0,"595":0,"596":0,"597":0,"598":0,"599":0,"600":0,"601":0,"602":0,"603":0,"604":0,"605":0,"606":0,"607":0,"608":0,"609":0,"610":0,"611":0,"612":0,"613":0,"614":0,"615":0,"616":0,"617":0,"618":0,"619":0,"620":0,"621":0,"622":0,"623":0,"624":0,"625":0,"626":0,"627":0,"628":0,"629":0,"630":0,"631":0,"632":0,"633":0,"634":0,"635":0,"636":0,"637":0,"638":0,"639":0,"640":0,"641":0,"642":0,"643":0,"644":0,"645":0,"646":0,"647":0,"648":0,"649":0,"650":0,"651":0,"652":0,"653":0,"654":0,"655":0,"656":0,"657":0,"658":0,"659":0,"660":0,"661":0,"662":0,"663":0,"664":0,"665":0,"666":0,"667":0,"668":0,"669":0,"670":0,"671":0,"672":0,"673":0,"674":0,"675":0,"676":0,"677":0,"678":0,"679":0,"680":0,"681":0,"682":0,"683":0,"684":0,"685":0,"686":0,"687":0,"688":0,"689":0,"690":0,"691":0,"692":0,"693":0,"694":0,"695":0,"696":0,"697":0,"698":0,"699":0,"700":0,"701":0,"702":0,"703":0,"704":0,"705":0,"706":0,"707":0,"708":0,"709":0,"710":0,"711":0,"712":0,"713":0,"714":0,"715":0,"716":0,"717":0,"718":0,"719":0,"720":0,"721":0,"722":0,"723":0,"724":0,"725":0,"726":0,"727":0,"728":0,"729":0,"730":0,"731":0,"732":0,"733":0,"734":0,"735":0,"736":0,"737":0,"738":0,"739":0,"740":0,"741":0,"742":0,"743":0,"744":0,"745":0,"746":0,"747":0,"748":0,"749":0,"750":0,"751":0,"752":0,"753":0,"754":0,"755":0,"756":0,"757":0,"758":0,"759":0,"760":0,"761":0,"762":0,"763":0,"764":0,"765":0,"766":0,"767":0,"768":0,"769":0,"770":0,"771":0,"772":0,"773":0,"774":0,"775":0,"776":0,"777":0,"778":0,"779":0,"780":0,"781":0,"782":0,"783":0,"784":0,"785":0,"786":0,"787":0,"788":0,"789":0,"790":0,"791":0,"792":0,"793":0,"794":0,"795":0,"796":0,"797":0,"798":0,"799":0,"800":0,"801":0,"802":0,"803":0,"804":0,"805":0,"806":0,"807":0,"808":0,"809":0,"810":0,"811":0,"812":0,"813":0,"814":0,"815":0,"816":0,"817":0,"818":0,"819":0,"820":0,"821":0,"822":0,"823":0,"824":0,"825":0,"826":0,"827":0,"828":0,"829":0,"830":0,"831":0,"832":0,"833":0,"834":0,"835":0,"836":0,"837":0,"838":0,"839":0,"840":0,"841":0,"842":0,"843":0,"844":0,"845":0,"846":0,"847":0,"848":0,"849":0,"850":0,"851":0,"852":0,"853":0,"854":0,"855":0,"856":0,"857":0,"858":0,"859":0},"branchMap":{"0":{"type":"branch","line":1,"loc":{"start":{"line":1,"column":0},"end":{"line":860,"column":-2668}},"locations":[{"start":{"line":1,"column":0},"end":{"line":860,"column":-2668}}]}},"b":{"0":[0]},"fnMap":{"0":{"name":"(empty-report)","decl":{"start":{"line":1,"column":0},"end":{"line":860,"column":-2668}},"loc":{"start":{"line":1,"column":0},"end":{"line":860,"column":-2668}},"line":1}},"f":{"0":0}}
,"D:\\Shaik\\QuantumXferApp\\quantumxfer\\electron\\preload.js": {"path":"D:\\Shaik\\QuantumXferApp\\quantumxfer\\electron\\preload.js","all":true,"statementMap":{"0":{"start":{"line":1,"column":0},"end":{"line":1,"column":59}},"1":{"start":{"line":2,"column":0},"end":{"line":2,"column":0}},"2":{"start":{"line":3,"column":0},"end":{"line":3,"column":66}},"3":{"start":{"line":4,"column":0},"end":{"line":4,"column":53}},"4":{"start":{"line":5,"column":0},"end":{"line":5,"column":48}},"5":{"start":{"line":6,"column":0},"end":{"line":6,"column":13}},"6":{"start":{"line":7,"column":0},"end":{"line":7,"column":54}},"7":{"start":{"line":8,"column":0},"end":{"line":8,"column":2}},"8":{"start":{"line":9,"column":0},"end":{"line":9,"column":17}},"9":{"start":{"line":10,"column":0},"end":{"line":10,"column":79}},"10":{"start":{"line":11,"column":0},"end":{"line":11,"column":79}},"11":{"start":{"line":12,"column":0},"end":{"line":12,"column":2}},"12":{"start":{"line":13,"column":0},"end":{"line":13,"column":27}},"13":{"start":{"line":14,"column":0},"end":{"line":14,"column":105}},"14":{"start":{"line":15,"column":0},"end":{"line":15,"column":2}},"15":{"start":{"line":16,"column":0},"end":{"line":16,"column":23}},"16":{"start":{"line":17,"column":0},"end":{"line":17,"column":90}},"17":{"start":{"line":18,"column":0},"end":{"line":18,"column":76}},"18":{"start":{"line":19,"column":0},"end":{"line":19,"column":2}},"19":{"start":{"line":20,"column":0},"end":{"line":20,"column":31}},"20":{"start":{"line":21,"column":0},"end":{"line":21,"column":81}},"21":{"start":{"line":22,"column":0},"end":{"line":22,"column":91}},"22":{"start":{"line":23,"column":0},"end":{"line":23,"column":85}},"23":{"start":{"line":24,"column":0},"end":{"line":24,"column":2}},"24":{"start":{"line":25,"column":0},"end":{"line":25,"column":20}},"25":{"start":{"line":26,"column":0},"end":{"line":26,"column":97}},"26":{"start":{"line":27,"column":0},"end":{"line":27,"column":2}},"27":{"start":{"line":28,"column":0},"end":{"line":28,"column":22}},"28":{"start":{"line":29,"column":0},"end":{"line":29,"column":8}},"29":{"start":{"line":30,"column":0},"end":{"line":30,"column":67}},"30":{"start":{"line":31,"column":0},"end":{"line":31,"column":112}},"31":{"start":{"line":32,"column":0},"end":{"line":32,"column":116}},"32":{"start":{"line":33,"column":0},"end":{"line":33,"column":153}},"33":{"start":{"line":34,"column":0},"end":{"line":34,"column":136}},"34":{"start":{"line":35,"column":0},"end":{"line":35,"column":132}},"35":{"start":{"line":36,"column":0},"end":{"line":36,"column":85}},"36":{"start":{"line":37,"column":0},"end":{"line":37,"column":67}},"37":{"start":{"line":38,"column":0},"end":{"line":38,"column":4}},"38":{"start":{"line":39,"column":0},"end":{"line":39,"column":2}},"39":{"start":{"line":40,"column":0},"end":{"line":40,"column":14}},"40":{"start":{"line":41,"column":0},"end":{"line":41,"column":14}},"41":{"start":{"line":42,"column":0},"end":{"line":42,"column":53}},"42":{"start":{"line":43,"column":0},"end":{"line":43,"column":69}},"43":{"start":{"line":44,"column":0},"end":{"line":44,"column":78}},"44":{"start":{"line":45,"column":0},"end":{"line":45,"column":4}},"45":{"start":{"line":46,"column":0},"end":{"line":46,"column":2}},"46":{"start":{"line":47,"column":0},"end":{"line":47,"column":17}},"47":{"start":{"line":48,"column":0},"end":{"line":48,"column":85}},"48":{"start":{"line":49,"column":0},"end":{"line":49,"column":85}},"49":{"start":{"line":50,"column":0},"end":{"line":50,"column":87}},"50":{"start":{"line":51,"column":0},"end":{"line":51,"column":87}},"51":{"start":{"line":52,"column":0},"end":{"line":52,"column":87}},"52":{"start":{"line":53,"column":0},"end":{"line":53,"column":2}},"53":{"start":{"line":54,"column":0},"end":{"line":54,"column":21}},"54":{"start":{"line":55,"column":0},"end":{"line":55,"column":75}},"55":{"start":{"line":56,"column":0},"end":{"line":56,"column":2}},"56":{"start":{"line":57,"column":0},"end":{"line":57,"column":18}},"57":{"start":{"line":58,"column":0},"end":{"line":58,"column":29}},"58":{"start":{"line":59,"column":0},"end":{"line":59,"column":2}},"59":{"start":{"line":60,"column":0},"end":{"line":60,"column":43}},"60":{"start":{"line":61,"column":0},"end":{"line":61,"column":18}},"61":{"start":{"line":62,"column":0},"end":{"line":62,"column":3}},"62":{"start":{"line":63,"column":0},"end":{"line":63,"column":0}},"63":{"start":{"line":64,"column":0},"end":{"line":64,"column":24}},"64":{"start":{"line":65,"column":0},"end":{"line":65,"column":51}},"65":{"start":{"line":66,"column":0},"end":{"line":66,"column":77}},"66":{"start":{"line":67,"column":0},"end":{"line":67,"column":41}},"67":{"start":{"line":68,"column":0},"end":{"line":68,"column":49}},"68":{"start":{"line":69,"column":0},"end":{"line":69,"column":46}},"69":{"start":{"line":70,"column":0},"end":{"line":70,"column":29}},"70":{"start":{"line":71,"column":0},"end":{"line":71,"column":35}},"71":{"start":{"line":72,"column":0},"end":{"line":72,"column":39}},"72":{"start":{"line":73,"column":0},"end":{"line":73,"column":51}},"73":{"start":{"line":74,"column":0},"end":{"line":74,"column":4}},"74":{"start":{"line":75,"column":0},"end":{"line":75,"column":48}},"75":{"start":{"line":76,"column":0},"end":{"line":76,"column":46}},"76":{"start":{"line":77,"column":0},"end":{"line":77,"column":16}},"77":{"start":{"line":78,"column":0},"end":{"line":78,"column":4}},"78":{"start":{"line":79,"column":0},"end":{"line":79,"column":3}}},"s":{"0":0,"1":0,"2":0,"3":0,"4":0,"5":0,"6":0,"7":0,"8":0,"9":0,"10":0,"11":0,"12":0,"13":0,"14":0,"15":0,"16":0,"17":0,"18":0,"19":0,"20":0,"21":0,"22":0,"23":0,"24":0,"25":0,"26":0,"27":0,"28":0,"29":0,"30":0,"31":0,"32":0,"33":0,"34":0,"35":0,"36":0,"37":0,"38":0,"39":0,"40":0,"41":0,"42":0,"43":0,"44":0,"45":0,"46":0,"47":0,"48":0,"49":0,"50":0,"51":0,"52":0,"53":0,"54":0,"55":0,"56":0,"57":0,"58":0,"59":0,"60":0,"61":0,"62":0,"63":0,"64":0,"65":0,"66":0,"67":0,"68":0,"69":0,"70":0,"71":0,"72":0,"73":0,"74":0,"75":0,"76":0,"77":0,"78":0},"branchMap":{"0":{"type":"branch","line":1,"loc":{"start":{"line":1,"column":3724},"end":{"line":79,"column":3}},"locations":[{"start":{"line":1,"column":3724},"end":{"line":79,"column":3}}]}},"b":{"0":[0]},"fnMap":{"0":{"name":"(empty-report)","decl":{"start":{"line":1,"column":3724},"end":{"line":79,"column":3}},"loc":{"start":{"line":1,"column":3724},"end":{"line":79,"column":3}},"line":1}},"f":{"0":0}}
,"D:\\Shaik\\QuantumXferApp\\quantumxfer\\electron\\ssh-service.js": {"path":"D:\\Shaik\\QuantumXferApp\\quantumxfer\\electron\\ssh-service.js","all":false,"statementMap":{"0":{"start":{"line":1,"column":0},"end":{"line":1,"column":46}},"1":{"start":{"line":2,"column":0},"end":{"line":2,"column":30}},"2":{"start":{"line":3,"column":0},"end":{"line":3,"column":20}},"3":{"start":{"line":4,"column":0},"end":{"line":4,"column":24}},"4":{"start":{"line":5,"column":0},"end":{"line":5,"column":0}},"5":{"start":{"line":6,"column":0},"end":{"line":6,"column":18}},"6":{"start":{"line":7,"column":0},"end":{"line":7,"column":17}},"7":{"start":{"line":8,"column":0},"end":{"line":8,"column":61}},"8":{"start":{"line":9,"column":0},"end":{"line":9,"column":26}},"9":{"start":{"line":10,"column":0},"end":{"line":10,"column":3}},"10":{"start":{"line":11,"column":0},"end":{"line":11,"column":0}},"11":{"start":{"line":12,"column":0},"end":{"line":12,"column":5}},"12":{"start":{"line":13,"column":0},"end":{"line":13,"column":32}},"13":{"start":{"line":14,"column":0},"end":{"line":14,"column":47}},"14":{"start":{"line":15,"column":0},"end":{"line":15,"column":56}},"15":{"start":{"line":16,"column":0},"end":{"line":16,"column":56}},"16":{"start":{"line":17,"column":0},"end":{"line":17,"column":51}},"17":{"start":{"line":18,"column":0},"end":{"line":18,"column":51}},"18":{"start":{"line":19,"column":0},"end":{"line":19,"column":67}},"19":{"start":{"line":20,"column":0},"end":{"line":20,"column":49}},"20":{"start":{"line":21,"column":0},"end":{"line":21,"column":5}},"21":{"start":{"line":22,"column":0},"end":{"line":22,"column":25}},"22":{"start":{"line":23,"column":0},"end":{"line":23,"column":45}},"23":{"start":{"line":24,"column":0},"end":{"line":24,"column":32}},"24":{"start":{"line":25,"column":0},"end":{"line":25,"column":54}},"25":{"start":{"line":26,"column":0},"end":{"line":26,"column":0}},"26":{"start":{"line":27,"column":0},"end":{"line":27,"column":30}},"27":{"start":{"line":28,"column":0},"end":{"line":28,"column":31}},"28":{"start":{"line":29,"column":0},"end":{"line":29,"column":51}},"29":{"start":{"line":30,"column":0},"end":{"line":30,"column":23}},"30":{"start":{"line":31,"column":0},"end":{"line":31,"column":78}},"31":{"start":{"line":32,"column":0},"end":{"line":32,"column":26}},"32":{"start":{"line":33,"column":0},"end":{"line":33,"column":31}},"33":{"start":{"line":34,"column":0},"end":{"line":34,"column":11}},"34":{"start":{"line":35,"column":0},"end":{"line":35,"column":0}},"35":{"start":{"line":36,"column":0},"end":{"line":36,"column":17}},"36":{"start":{"line":37,"column":0},"end":{"line":37,"column":24}},"37":{"start":{"line":38,"column":0},"end":{"line":38,"column":44}},"38":{"start":{"line":39,"column":0},"end":{"line":39,"column":83}},"39":{"start":{"line":40,"column":0},"end":{"line":40,"column":23}},"40":{"start":{"line":41,"column":0},"end":{"line":41,"column":30}},"41":{"start":{"line":42,"column":0},"end":{"line":42,"column":30}},"42":{"start":{"line":43,"column":0},"end":{"line":43,"column":37}},"43":{"start":{"line":44,"column":0},"end":{"line":44,"column":11}},"44":{"start":{"line":45,"column":0},"end":{"line":45,"column":11}},"45":{"start":{"line":46,"column":0},"end":{"line":46,"column":9}},"46":{"start":{"line":47,"column":0},"end":{"line":47,"column":0}},"47":{"start":{"line":48,"column":0},"end":{"line":48,"column":38}},"48":{"start":{"line":49,"column":0},"end":{"line":49,"column":9}},"49":{"start":{"line":50,"column":0},"end":{"line":50,"column":0}},"50":{"start":{"line":51,"column":0},"end":{"line":51,"column":40}},"51":{"start":{"line":52,"column":0},"end":{"line":52,"column":9}},"52":{"start":{"line":53,"column":0},"end":{"line":53,"column":0}},"53":{"start":{"line":54,"column":0},"end":{"line":54,"column":44}},"54":{"start":{"line":55,"column":0},"end":{"line":55,"column":9}},"55":{"start":{"line":56,"column":0},"end":{"line":56,"column":0}},"56":{"start":{"line":57,"column":0},"end":{"line":57,"column":33}},"57":{"start":{"line":58,"column":0},"end":{"line":58,"column":16}},"58":{"start":{"line":59,"column":0},"end":{"line":59,"column":25}},"59":{"start":{"line":60,"column":0},"end":{"line":60,"column":29}},"60":{"start":{"line":61,"column":0},"end":{"line":61,"column":46}},"61":{"start":{"line":62,"column":0},"end":{"line":62,"column":11}},"62":{"start":{"line":63,"column":0},"end":{"line":63,"column":9}},"63":{"start":{"line":64,"column":0},"end":{"line":64,"column":0}},"64":{"start":{"line":65,"column":0},"end":{"line":65,"column":28}},"65":{"start":{"line":66,"column":0},"end":{"line":66,"column":53}},"66":{"start":{"line":67,"column":0},"end":{"line":67,"column":9}},"67":{"start":{"line":68,"column":0},"end":{"line":68,"column":0}},"68":{"start":{"line":69,"column":0},"end":{"line":69,"column":30}},"69":{"start":{"line":70,"column":0},"end":{"line":70,"column":53}},"70":{"start":{"line":71,"column":0},"end":{"line":71,"column":9}},"71":{"start":{"line":72,"column":0},"end":{"line":72,"column":0}},"72":{"start":{"line":73,"column":0},"end":{"line":73,"column":35}},"73":{"start":{"line":74,"column":0},"end":{"line":74,"column":30}},"74":{"start":{"line":75,"column":0},"end":{"line":75,"column":26}},"75":{"start":{"line":76,"column":0},"end":{"line":76,"column":32}},"76":{"start":{"line":77,"column":0},"end":{"line":77,"column":33}},"77":{"start":{"line":78,"column":0},"end":{"line":78,"column":8}},"78":{"start":{"line":79,"column":0},"end":{"line":79,"column":0}},"79":{"start":{"line":80,"column":0},"end":{"line":80,"column":34}},"80":{"start":{"line":81,"column":0},"end":{"line":81,"column":30}},"81":{"start":{"line":82,"column":0},"end":{"line":82,"column":13}},"82":{"start
[...]
,"217":5,"218":0,"219":0,"220":5,"221":5,"222":5,"223":5,"224":1,"225":1,"226":1,"227":1,"228":1,"229":1,"230":4,"231":4,"232":102,"233":102,"234":102,"235":102,"236":102,"237":102,"238":4,"239":4,"240":4,"241":4,"242":4,"243":4,"244":4,"245":5,"246":5,"247":5,"248":0,"249":0,"250":0,"251":0,"252":0,"253":0,"254":5,"255":1,"256":1,"257":1,"258":1,"259":1,"260":1,"261":1,"262":1,"263":1,"264":2,"265":2,"266":2,"267":2,"268":2,"269":0,"270":0,"271":2,"272":2,"273":2,"274":2,"275":2,"276":2,"277":2,"278":0,"279":0,"280":2,"281":2,"282":0,"283":0,"284":2,"285":2,"286":2,"287":2,"288":2,"289":0,"290":0,"291":2,"292":2,"293":50,"294":50,"295":0,"296":0,"297":50,"298":50,"299":50,"300":50,"301":50,"302":50,"303":50,"304":50,"305":50,"306":50,"307":50,"308":0,"309":0,"310":50,"311":50,"312":50,"313":1,"314":1,"315":50,"316":2,"317":0,"318":0,"319":0,"320":2,"321":2,"322":2,"323":2,"324":2,"325":2,"326":2,"327":2,"328":2,"329":2,"330":2,"331":2,"332":2,"333":0,"334":0,"335":0,"336":0,"337":0,"338":0,"339":2,"340":1,"341":1,"342":1,"343":1,"344":1,"345":1,"346":1,"347":1,"348":1,"349":3,"350":3,"351":3,"352":0,"353":0,"354":2,"355":2,"356":2,"357":2,"358":1,"359":1,"360":1,"361":1,"362":1,"363":1,"364":1,"365":1,"366":1,"367":1,"368":1,"369":1,"370":1,"371":2,"372":2,"373":3,"374":1,"375":1,"376":1,"377":1,"378":1,"379":1,"380":3,"381":1,"382":1,"383":1,"384":1,"385":1,"386":1,"387":1,"388":1,"389":1,"390":2,"391":2,"392":2,"393":0,"394":0,"395":2,"396":2,"397":2,"398":2,"399":1,"400":1,"401":1,"402":1,"403":1,"404":1,"405":1,"406":1,"407":1,"408":1,"409":1,"410":1,"411":1,"412":2,"413":2,"414":2,"415":0,"416":0,"417":0,"418":0,"419":0,"420":0,"421":2,"422":1,"423":1,"424":1,"425":1,"426":1,"427":1,"428":1,"429":2,"430":2,"431":2,"432":1,"433":1,"434":1,"435":1,"436":1,"437":1,"438":1,"439":1,"440":1,"441":1,"442":1,"443":1,"444":1,"445":1,"446":2,"447":1,"448":1,"449":1,"450":1,"451":1,"452":1,"453":2,"454":2,"455":2,"456":1,"457":1,"458":1,"459":1,"460":1,"461":1,"462":1,"463":2,"464":2,"465":2,"466":1,"467":1,"468":1,"469":1,"470":1,"471":1,"472":2,"473":2,"474":1,"475":1,"476":1,"477":1,"478":1,"479":1,"480":1,"481":1,"482":1,"483":1},"branchMap":{"0":{"type":"branch","line":7,"loc":{"start":{"line":7,"column":2},"end":{"line":10,"column":3}},"locations":[{"start":{"line":7,"column":2},"end":{"line":10,"column":3}}]},"1":{"type":"branch","line":22,"loc":{"start":{"line":22,"column":2},"end":{"line":121,"column":3}},"locations":[{"start":{"line":22,"column":2},"end":{"line":121,"column":3}}]},"2":{"type":"branch","line":23,"loc":{"start":{"line":23,"column":23},"end":{"line":120,"column":5}},"locations":[{"start":{"line":23,"column":23},"end":{"line":120,"column":5}}]},"3":{"type":"branch","line":76,"loc":{"start":{"line":76,"column":26},"end":{"line":76,"column":31}},"locations":[{"start":{"line":76,"column":26},"end":{"line":76,"column":31}}]},"4":{"type":"branch","line":81,"loc":{"start":{"line":81,"column":29},"end":{"line":91,"column":7}},"locations":[{"start":{"line":81,"column":29},"end":{"line":91,"column":7}}]},"5":{"type":"branch","line":84,"loc":{"start":{"line":84,"column":10},"end":{"line":90,"column":9}},"locations":[{"start":{"line":84,"column":10},"end":{"line":90,"column":9}}]},"6":{"type":"branch","line":91,"loc":{"start":{"line":91,"column":7},"end":{"line":113,"column":8}},"locations":[{"start":{"line":91,"column":7},"end":{"line":113,"column":8}}]},"7":{"type":"branch","line":91,"loc":{"start":{"line":91,"column":34},"end":{"line":93,"column":7}},"locations":[{"start":{"line":91,"column":34},"end":{"line":93,"column":7}}]},"8":{"type":"branch","line":93,"loc":{"start":{"line":93,"column":7},"end":{"line":99,"column":7}},"locations":[{"start":{"line":93,"column":7},"end":{"line":99,"column":7}}]},"9":{"type":"branch","line":113,"loc":{"start":{"line":113,"column":8},"end":{"line":119,"column":7}},"locations":[{"start":{"line":113,"column":8},"end":{"line":119,"column":7}}]},"10":{"type":"branch","line":27,"loc":{"start":{"line":27,"column":23},"end":{"line":46,"column":7}},"locations":[{"start":{"line":27,"column":23},"end":{"line":46,"column":7}}]},"11":{"type":"branch","line":57,"loc":{"start":{"line":57,"column":23},"end":{"line":63,"column":7}},"locations":[{"start":{"line":57,"column":23},"end":{"line":63,"column":7}}]},"12":{"type":"branch","line":129,"loc":{"start":{"line":129,"column":2},"end":{"line":173,"column":3}},"locations":[{"start":{"line":129,"column":2},"end":{"line":173,"column":3}}]},"13":{"type":"branch","line":130,"loc":{"start":{"line":130,"column":23},"end":{"line":172,"column":5}},"locations":[{"start":{"line":130,"column":23},"end":{"line":172,"column":5}}]},"14":{"type":"branch","line":133,"loc":{"start":{"line":133,"column":22},"end":{"line":133,"column":46}},"locations":[{"start":{"line":133,"column":22},"end":{"line":133,"column":46}}]},"15":{"type":"branch","line":133,"loc":{"start":{"line":133,"column":48},"end":{"line":139,"column":7}},"locations":[{"start":{"line":133,"column":48},"end":{"line":139,"column":7}}]},"16":{"type":"branch","line":140,"loc":{"start":{"line":140,"column":-2},"end":{"line":172,"column":4}},"locations":[{"start":{"line":140,"column":-2},"end":{"line":172,"column":4}}]},"17":{"type":"branch","line":141,"loc":{"start":{"line":141,"column":38},"end":{"line":171,"column":7}},"locations":[{"start":{"line":141,"column":38},"end":{"line":171,"column":7}}]},"18":{"type":"branch","line":142,"loc":{"start":{"line":142,"column":17},"end":{"line":148,"column":9}},"locations":[{"start":{"line":142,"column":17},"end":{"line":148,"column":9}}]},"19":{"type":"branch","line":149,"loc":{"start":{"line":149,"column":-2},"end":{"line":171,"column":6}},"locations":[{"start":{"line":149,"column":-2},"end":{"line":171,"column":6}}]},"20":{"type":"branch","line":153,"loc":{"start":{"line":153,"column":27},"end":{"line":162,"column":9}},"locations":[{"start":{"line":153,"column":27},"end":{"line":162,"column":9}}]},"21":{"type":"branch","line":164,"loc":{"start":{"line":164,"column":26},"end":{"line":166,"column":9}},"locations":[{"start":{"line":164,"column":26},"end":{"line":166,"column":9}}]},"22":{"type":"branch","line":168,"loc":{"start":{"line":168,"column":33},"end":{"line":170,"column":9}},"locations":[{"start":{"line":168,"column":33},"end":{"line":170,"column":9}}]},"23":{"type":"branch","line":180,"loc":{"start":{"line":180,"column":2},"end":{"line":207,"column":3}},"locations":[{"start":{"line":180,"column":2},"end":{"line":207,"column":3}}]},"24":{"type":"branch","line":181,"loc":{"start":{"line":181,"column":23},"end":{"line":206,"column":5}},"locations":[{"start":{"line":181,"column":23},"end":{"line":206,"column":5}}]},"25":{"type":"branch","line":184,"loc":{"start":{"line":184,"column":22},"end":{"line":184,"column":46}},"locations":[{"start":{"line":184,"column":22},"end":{"line":184,"column":46}}]},"26":{"type":"branch","line":184,"loc":{"start":{"line":184,"column":48},"end":{"line":190,"column":7}},"locations":[{"start":{"line":184,"column":48},"end":{"line":190,"column":7}}]},"27":{"type":"branch","line":191,"loc":{"start":{"line":191,"column":-2},"end":{"line":206,"column":4}},"locations":[{"start":{"line":191,"column":-2},"end":{"line":206,"column":4}}]},"28":{"type":"branch","line":192,"loc":{"start":{"line":192,"column":29},"end":{"line":205,"column":7}},"locations":[{"start":{"line":192,"column":29},"end":{"line":205,"column":7}}]},"29":{"type":"branch","line":193,"loc":{"start":{"line":193,"column":17},"end":{"line":199,"column":9}},"locations":[{"start":{"line":193,"column":17},"end":{"line":199,"column":9}}]},"30":{"type":"branch","line":200,"loc":{"start":{"line":200,"column":-2},"end":{"line":205,"column":6}},"locations":[{"start":{"line":200,"column":-2},"end":{"line":205,"column":6}}]},"31":{"type":"branch","line":215,"loc":{"start":{"line":215,"column":2},"end":{"line":255,"column":3}},"locations":[{"start":{"line":215,"column":2},"end":{"line":255,"column":3}}]},"32":{"type":"branch","line":218,"loc":{"start":{"line":218,"column":31},"end":{"line":220,"column":7}},"locations":[{"start":{"line":218,"column":31},"end":{"line":220,"column":7}}]},"33":{"type":"branch","line":248,"loc":{"start":{"line":248,"column":6},"end":{"line":254,"column":5}},"locations":[{"start":{"line":248,"column":6},"end":{"line":254,"column":5}}]},"34":{"type":"branch","line":222,"loc":{"start":{"line":222,"column":25},"end":{"line":247,"column":7}},"locations":[{"start":{"line":222,"column":25},"end":{"line":247,"column":7}}]},"35":{"type":"branch","line":223,"loc":{"start":{"line":223,"column":44},"end":{"line":246,"column":9}},"locations":[{"start":{"line":223,"column":44},"end":{"line":246,"column":9}}]},"36":{"type":"branch","line":224,"loc":{"start":{"line":224,"column":19},"end":{"line":230,"column":11}},"locations":[{"start":{"line":224,"column":19},"end":{"line":230,"column":11}}]},"37":{"type":"branch","line":231,"loc":{"start":{"line":231,"column":-2},"end":{"line":246,"column":8}},"locations":[{"start":{"line":231,"column":-2},"end":{"line":246,"column":8}}]},"38":{"type":"branch","line":232,"loc":{"start":{"line":232,"column":33},"end":{"line":239,"column":12}},"locations":[{"start":{"line":232,"column":33},"end":{"line":239,"column":12}}]},"39":{"type":"branch","line":234,"loc":{"start":{"line":234,"column":43},"end":{"line":234,"column":56}},"locations":[{"start":{"line":234,"column":43},"end":{"line":234,"column":56}}]},"40":{"type":"branch","line":234,"loc":{"start":{"line":234,"column":57},"end":{"line":234,"column":65}},"locations":[{"start":{"line":234,"column":57},"end":{"line":234,"column":65}}]},"41":{"type":"branch","line":264,"loc":{"start":{"line":264,"column":2},"end":{"line":340,"column":3}},"locations":[{"start":{"line":264,"column":2},"end":{"line":340,"column":3}}]},"42":{"type":"branch","line":269,"loc":{"start":{"line":269,"column":31},"end":{"line":271,"column":7}},"locations":[{"start":{"line":269,"column":31},"end":{"line":271,"column":7}}]},"43":{"type":"branch","line":333,"loc":{"start":{"line":333,"column":6},"end":{"line":339,"column":5}},"locations":[{"start":{"line":333,"column":6},"end":{"line":339,"column":5}}]},"44":{"type":"branch","line":277,"loc":{"start":{"line":277,"column":31},"end":{"line":321,"column":7}},"locations":[{"start":{"line":277,"column":31},"end":{"line":321,"column":7}}]},"45":{"type":"branch","line":278,"loc":{"start":{"line":278,"column":63},"end":{"line":280,"column":9}},"locations":[{"start":{"line":278,"column":63},"end":{"line":280,"column":9}}]},"46":{"type":"branch","line":282,"loc":{"start":{"line":282,"column":44},"end":{"line":284,"column":9}},"locations":[{"start":{"line":282,"column":44},"end":{"line":284,"column":9}}]},"47":{"type":"branch","line":289,"loc":{"start":{"line":289,"column":34},"end":{"line":291,"column":11}},"locations":[{"start":{"line":289,"column":34},"end":{"line":291,"column":11}}]},"48":{"type":"branch","line":293,"loc":{"start":{"line":293,"column":46},"end":{"line":316,"column":11}},"locations":[{"start":{"line":293,"column":46},"end":{"line":316,"column":11}}]},"49":{"type":"branch","line":295,"loc":{"start":{"line":295,"column":31},"end":{"line":295,"column":59}},"locations":[{"start":{"line":295,"column":31},"end":{"line":295,"column":59}}]},"50":{"type":"branch","line":295,"loc":{"start":{"line":295,"column":61},"end":{"line":297,"column":13}},"locations":[{"start":{"line":295,"column":61},"end":{"line":297,"column":13}}]},"51":{"type":"branch","line":308,"loc":{"start":{"line":308,"column":42},"end":{"line":308,"column":68}},"locations":[{"start":{"line":308,"column":42},"end":{"line":308,"column":68}}]},"52":{"type":"branch","line":308,"loc":{"start":{"line":308,"column":69},"end":{"line":308,"column":93}},"locations":[{"start":{"line":308,"column":69},"end":{"line":308,"column":93}}]},"53":{"type":"branch","line":308,"loc":{"start":{"line":308,"column":95},"end":{"line":310,"column":13}},"locations":[{"start":{"line":308,"column":95},"end":{"line":310,"column":13}}]},"54":{"type":"branch","line":313,"loc":{"start":{"line":313,"column":40},"end":{"line":315,"column":13}},"locations":[{"start":{"line":313,"column":40},"end":{"line":315,"column":13}}]},"55":{"type":"branch","line":317,"loc":{"start":{"line":317,"column":10},"end":{"line":320,"column":9}},"locations":[{"start":{"line":317,"column":10},"end":{"line":320,"column":9}}]},"56":{"type":"branch","line":349,"loc":{"start":{"line":349,"column":2},"end":{"line":381,"column":3}},"locations":[{"start":{"line":349,"column":2},"end":{"line":381,"column":3}}]},"57":{"type":"branch","line":352,"loc":{"start":{"line":352,"column":-2},"end":{"line":352,"column":31}},"locations":[{"start":{"line":352,"column":-2},"end":{"line":352,"column":31}}]},"58":{"type":"branch","line":352,"loc":{"start":{"line":352,"column":31},"end":{"line":354,"column":7}},"locations":[{"start":{"line":352,"column":31},"end":{"line":354,"column":7}}]},"59":{"type":"branch","line":355,"loc":{"start":{"line":355,"column":-2},"end":{"line":374,"column":6}},"locations":[{"start":{"line":355,"column":-2},"end":{"line":374,"column":6}}]},"60":{"type":"branch","line":374,"loc":{"start":{"line":374,"column":6},"end":{"line":380,"column":5}},"locations":[{"start":{"line":374,"column":6},"end":{"line":380,"column":5}}]},"61":{"type":"branch","line":377,"loc":{"start":{"line":377,"column":27},"end":{"line":377,"column":43}},"locations":[{"start":{"line":377,"column":27},"end":{"line":377,"column":43}}]},"62":{"type":"branch","line":378,"loc":{"start":{"line":378,"column":25},"end":{"line":378,"column":43}},"locations":[{"start":{"line":378,"column":25},"end":{"line":378,"column":43}}]},"63":{"type":"branch","line":356,"loc":{"start":{"line":356,"column":25},"end":{"line":373,"column":7}},"locations":[{"start":{"line":356,"column":25},"end":{"line":373,"column":7}}]},"64":{"type":"branch","line":357,"loc":{"start":{"line":357,"column":55},"end":{"line":372,"column":9}},"locations":[{"start":{"line":357,"column":55},"end":{"line":372,"column":9}}]},"65":{"type":"branch","line":358,"loc":{"start":{"line":358,"column":19},"end":{"line":372,"column":8}},"locations":[{"start":{"line":358,"column":19},"end":{"line":372,"column":8}}]},"66":{"type":"branch","line":390,"loc":{"start":{"line":390,"column":2},"end":{"line":422,"column":3}},"locations":[{"start":{"line":390,"column":2},"end":{"line":422,"column":3}}]},"67":{"type":"branch","line":393,"loc":{"start":{"line":393,"column":31},"end":{"line":395,"column":7}},"locations":[{"start":{"line":393,"column":31},"end":{"line":395,"column":7}}]},"68":{"type":"branch","line":415,"loc":{"start":{"line":415,"column":6},"end":{"line":421,"column":5}},"locations":[{"start":{"line":415,"column":6},"end":{"line":421,"column":5}}]},"69":{"type":"branch","line":397,"loc":{"start":{"line":397,"column":25},"end":{"line":414,"column":7}},"locations":[{"start":{"line":397,"column":25},"end":{"line":414,"column":7}}]},"70":{"type":"branch","line":398,"loc":{"start":{"line":398,"column":55},"end":{"line":413,"column":9}},"locations":[{"start":{"line":398,"column":55},"end":{"line":413,"column":9}}]},"71":{"type":"branch","line":399,"loc":{"start":{"line":399,"column":19},"end":{"line":413,"column":8}},"locations":[{"start":{"line":399,"column":19},"end":{"line":413,"column":8}}]},"72":{"type":"branch","line":429,"loc":{"start":{"line":429,"column":2},"end":{"line":447,"column":3}},"locations":[{"start":{"line":429,"column":2},"end":{"line":447,"column":3}}]},"73":{"type":"branch","line":432,"loc":{"start":{"line":432,"column":21},"end":{"line":447,"column":2}},"locations":[{"start":{"line":432,"column":21},"end":{"line":447,"column":2}}]},"74":{"type":"branch","line":453,"loc":{"start":{"line":453,"column":2},"end":{"line":466,"column":3}},"locations":[{"start":{"line":453,"column":2},"end":{"line":466,"column":3}}]},"75":{"type":"branch","line":456,"loc":{"start":{"line":456,"column":47},"end":{"line":463,"column":5}},"locations":[{"start":{"line":456,"column":47},"end":{"line":463,"column":5}}]},"76":{"type":"branch","line":471,"loc":{"start":{"line":471,"column":2},"end":{"line":481,"column":3}},"locations":[{"start":{"line":471,"column":2},"end":{"line":481,"column":3}}]},"77":{"type":"branch","line":472,"loc":{"start":{"line":472,"column":53},"end":{"line":474,"column":5}},"locations":[{"start":{"line":472,"column":53},"end":{"line":474,"column":5}}]}},"b":{"0":[29],"1":[28],"2":[28],"3":[1],"4":[2],"5":[1],"6":[26],"7":[25],"8":[1],"9":[0],"10":[50],"11":[1],"12":[4],"13":[4],"14":[3],"15":[1],"16":[3],"17":[3],"18":[1],"19":[2],"20":[2],"21":[1],"22":[1],"23":[15],"24":[15],"25":[13],"26":[2],"27":[13],"28":[13],"29":[1],"30":[12],"31":[5],"32":[0],"33":[0],"34":[5],"35":[5],"36":[1],"37":[4],"38":[102],"39":[1],"40":[101],"41":[2],"42":[0],"43":[0],"44":[2],"45":[0],"46":[0],"47":[0],"48":[50],"49":[0],"50":[0],"51":[0],"52":[0],"53":[0],"54":[1],"55":[0],"56":[3],"57":[2],"58":[0],"59":[2],"60":[1],"61":[0],"62":[0],"63":[2],"64":[2],"65":[1],"66":[2],"67":[0],"68":[0],"69":[2],"70":[2],"71":[1],"72":[2],"73":[1],"74":[2],"75":[1],"76":[1],"77":[2]},"fnMap":{"0":{"name":"SSHService","decl":{"start":{"line":7,"column":2},"end":{"line":10,"column":3}},"loc":{"start":{"line":7,"column":2},"end":{"line":10,"column":3}},"line":7},"1":{"name":"connect","decl":{"start":{"line":22,"column":2},"end":{"line":121,"column":3}},"loc":{"start":{"line":22,"column":2},"end":{"line":121,"column":3}},"line":22},"2":{"name":"executeCommand","decl":{"start":{"line":129,"column":2},"end":{"line":173,"column":3}},"loc":{"start":{"line":129,"column":2},"end":{"line":173,"column":3}},"line":129},"3":{"name":"getSFTP","decl":{"start":{"line":180,"column":2},"end":{"line":207,"column":3}},"loc":{"start":{"line":180,"column":2},"end":{"line":207,"column":3}},"line":180},"4":{"name":"listDirectory","decl":{"start":{"line":215,"column":2},"end":{"line":255,"column":3}},"loc":{"start":{"line":215,"column":2},"end":{"line":255,"column":3}},"line":215},"5":{"name":"success","decl":{"start":{"line":222,"column":25},"end":{"line":247,"column":7}},"loc":{"start":{"line":222,"column":25},"end":{"line":247,"column":7}},"line":222},"6":{"name":"listDirectoryRecursive","decl":{"start":{"line":264,"column":2},"end":{"line":340,"column":3}},"loc":{"start":{"line":264,"column":2},"end":{"line":340,"column":3}},"line":264},"7":{"name":"processDirectory","decl":{"start":{"line":277,"column":31},"end":{"line":321,"column":7}},"loc":{"start":{"line":277,"column":31},"end":{"line":321,"column":7}},"line":277},"8":{"name":"downloadFile","decl":{"start":{"line":349,"column":2},"end":{"line":381,"column":3}},"loc":{"start":{"line":349,"column":2},"end":{"line":381,"column":3}},"line":349},"9":{"name":"success","decl":{"start":{"line":356,"column":25},"end":{"line":373,"column":7}},"loc":{"start":{"line":356,"column":25},"end":{"line":373,"column":7}},"line":356},"10":{"name":"uploadFile","decl":{"start":{"line":390,"column":2},"end":{"line":422,"column":3}},"loc":{"start":{"line":390,"column":2},"end":{"line":422,"column":3}},"line":390},"11":{"name":"success","decl":{"start":{"line":397,"column":25},"end":{"line":414,"column":7}},"loc":{"start":{"line":397,"column":25},"end":{"line":414,"column":7}},"line":397},"12":{"name":"disconnect","decl":{"start":{"line":429,"column":2},"end":{"line":447,"column":3}},"loc":{"start":{"line":429,"column":2},"end":{"line":447,"column":3}},"line":429},"13":{"name":"getActiveConnections","decl":{"start":{"line":453,"column":2},"end":{"line":466,"column":3}},"loc":{"start":{"line":453,"column":2},"end":{"line":466,"column":3}},"line":453},"14":{"name":"disconnectAll","decl":{"start":{"line":471,"column":2},"end":{"line":481,"column":3}},"loc":{"start":{"line":471,"column":2},"end":{"line":481,"column":3}},"line":471}},"f":{"0":29,"1":28,"2":4,"3":15,"4":5,"5":5,"6":2,"7":2,"8":3,"9":2,"10":2,"11":2,"12":2,"13":2,"14":1}}
}
